{"uid":"c4cdb80bd5353823","name":"testDashboardDownloads","fullName":"tests.EventsTest.testDashboardDownloads","historyId":"6e1488b0100ea3b57cf18a3ef3dccfa4","time":{"start":1768584881984,"stop":1768584896792,"duration":14808},"description":"1. Авторизовался в приложении\n2. Выбрал временной интервал от 01-01-2020 23:00 до 07-10-2025 00:00\n3. Перешел к станции БКПРУ-4/СОФ/РВК \"Б\"/Конвейерный транспорт\n4. Модуль Схема\n5. Перешел в модуль События\n6. Данные в таблице заполнены\n7. Перешел к станции БКПРУ-4/СОФ/РВК \"Б\"/Насосное оборудование/4.2-2G28\n8. Модуль События\n9. Данные в таблице заполнены","descriptionHtml":"<ol>\n<li>Авторизовался в приложении</li>\n<li>Выбрал временной интервал от 01-01-2020 23:00 до 07-10-2025 00:00</li>\n<li>Перешел к станции БКПРУ-4/СОФ/РВК &quot;Б&quot;/Конвейерный транспорт</li>\n<li>Модуль Схема</li>\n<li>Перешел в модуль События</li>\n<li>Данные в таблице заполнены</li>\n<li>Перешел к станции БКПРУ-4/СОФ/РВК &quot;Б&quot;/Насосное оборудование/4.2-2G28</li>\n<li>Модуль События</li>\n<li>Данные в таблице заполнены</li>\n</ol>\n","status":"broken","statusMessage":"stale element reference: stale element not found in the current frame\n  (Session info: chrome=143.0.7499.169)\nFor documentation on this error, please visit: https://www.selenium.dev/documentation/webdriver/troubleshooting/errors#stale-element-reference-exception\nBuild info: version: '4.35.0', revision: '1c58e5028b'\nSystem info: os.name: 'Linux', os.arch: 'amd64', os.version: '6.11.0-1018-azure', java.version: '17.0.17'\nDriver info: org.openqa.selenium.remote.RemoteWebDriver\nCommand: [abb8521c01706f04078dc3bbac974971, isElementDisplayed {id=f.CFCCBFFEEA887E5FF8A2F7400CA883D6.d.A1E1946D17D3025DBDF891ABEB927508.e.138}]\nCapabilities {acceptInsecureCerts: false, browserName: chrome, browserVersion: 143.0.7499.169, chrome: {chromedriverVersion: 143.0.7499.169 (164b20aab62..., userDataDir: /tmp/.org.chromium.Chromium...}, fedcm:accounts: true, goog:chromeOptions: {debuggerAddress: localhost:35359}, goog:loggingPrefs: {browser: ALL}, goog:processID: 9677, networkConnectionEnabled: false, pageLoadStrategy: normal, platformName: linux, proxy: Proxy(), se:bidiEnabled: false, se:cdp: ws://172.18.0.2:4444/sessio..., se:cdpVersion: 143.0.7499.169, se:containerName: 6d43c245d341, se:deleteSessionOnUi: true, se:downloadsEnabled: true, se:noVncPort: 7900, se:vnc: ws://172.18.0.2:4444/sessio..., se:vncEnabled: true, se:vncLocalAddress: ws://172.18.0.2:7900, setWindowRect: true, strictFileInteractability: false, timeouts: {implicit: 0, pageLoad: 300000, script: 30000}, unhandledPromptBehavior: dismiss and notify, webauthn:extension:credBlob: true, webauthn:extension:largeBlob: true, webauthn:extension:minPinLength: true, webauthn:extension:prf: true, webauthn:virtualAuthenticators: true}\nElement: [[RemoteWebDriver: chrome on linux (abb8521c01706f04078dc3bbac974971)] -> xpath: //ul[@role='tree']/li/ul[@role='group']/div/div/li/div/div[@class='MuiTreeItem-iconContainer']]\nSession ID: abb8521c01706f04078dc3bbac974971","statusTrace":"org.openqa.selenium.StaleElementReferenceException: stale element reference: stale element not found in the current frame\n  (Session info: chrome=143.0.7499.169)\nFor documentation on this error, please visit: https://www.selenium.dev/documentation/webdriver/troubleshooting/errors#stale-element-reference-exception\nBuild info: version: '4.35.0', revision: '1c58e5028b'\nSystem info: os.name: 'Linux', os.arch: 'amd64', os.version: '6.11.0-1018-azure', java.version: '17.0.17'\nDriver info: org.openqa.selenium.remote.RemoteWebDriver\nCommand: [abb8521c01706f04078dc3bbac974971, isElementDisplayed {id=f.CFCCBFFEEA887E5FF8A2F7400CA883D6.d.A1E1946D17D3025DBDF891ABEB927508.e.138}]\nCapabilities {acceptInsecureCerts: false, browserName: chrome, browserVersion: 143.0.7499.169, chrome: {chromedriverVersion: 143.0.7499.169 (164b20aab62..., userDataDir: /tmp/.org.chromium.Chromium...}, fedcm:accounts: true, goog:chromeOptions: {debuggerAddress: localhost:35359}, goog:loggingPrefs: {browser: ALL}, goog:processID: 9677, networkConnectionEnabled: false, pageLoadStrategy: normal, platformName: linux, proxy: Proxy(), se:bidiEnabled: false, se:cdp: ws://172.18.0.2:4444/sessio..., se:cdpVersion: 143.0.7499.169, se:containerName: 6d43c245d341, se:deleteSessionOnUi: true, se:downloadsEnabled: true, se:noVncPort: 7900, se:vnc: ws://172.18.0.2:4444/sessio..., se:vncEnabled: true, se:vncLocalAddress: ws://172.18.0.2:7900, setWindowRect: true, strictFileInteractability: false, timeouts: {implicit: 0, pageLoad: 300000, script: 30000}, unhandledPromptBehavior: dismiss and notify, webauthn:extension:credBlob: true, webauthn:extension:largeBlob: true, webauthn:extension:minPinLength: true, webauthn:extension:prf: true, webauthn:virtualAuthenticators: true}\nElement: [[RemoteWebDriver: chrome on linux (abb8521c01706f04078dc3bbac974971)] -> xpath: //ul[@role='tree']/li/ul[@role='group']/div/div/li/div/div[@class='MuiTreeItem-iconContainer']]\nSession ID: abb8521c01706f04078dc3bbac974971\n\tat java.base/jdk.internal.reflect.NativeConstructorAccessorImpl.newInstance0(Native Method)\n\tat java.base/jdk.internal.reflect.NativeConstructorAccessorImpl.newInstance(NativeConstructorAccessorImpl.java:77)\n\tat java.base/jdk.internal.reflect.DelegatingConstructorAccessorImpl.newInstance(DelegatingConstructorAccessorImpl.java:45)\n\tat java.base/java.lang.reflect.Constructor.newInstanceWithCaller(Constructor.java:500)\n\tat java.base/java.lang.reflect.Constructor.newInstance(Constructor.java:481)\n\tat org.openqa.selenium.remote.ErrorCodec.decode(ErrorCodec.java:167)\n\tat org.openqa.selenium.remote.codec.w3c.W3CHttpResponseCodec.decode(W3CHttpResponseCodec.java:138)\n\tat org.openqa.selenium.remote.codec.w3c.W3CHttpResponseCodec.decode(W3CHttpResponseCodec.java:50)\n\tat org.openqa.selenium.remote.HttpCommandExecutor.execute(HttpCommandExecutor.java:215)\n\tat org.openqa.selenium.remote.TracedCommandExecutor.execute(TracedCommandExecutor.java:53)\n\tat org.openqa.selenium.remote.RemoteWebDriver.execute(RemoteWebDriver.java:557)\n\tat org.openqa.selenium.remote.RemoteWebElement.execute(RemoteWebElement.java:223)\n\tat org.openqa.selenium.remote.RemoteWebElement.isDisplayed(RemoteWebElement.java:282)\n\tat org.openqa.selenium.support.ui.ExpectedConditions.elementIfVisible(ExpectedConditions.java:304)\n\tat org.openqa.selenium.support.ui.ExpectedConditions$10.apply(ExpectedConditions.java:290)\n\tat org.openqa.selenium.support.ui.ExpectedConditions$10.apply(ExpectedConditions.java:287)\n\tat org.openqa.selenium.support.ui.ExpectedConditions$23.apply(ExpectedConditions.java:656)\n\tat org.openqa.selenium.support.ui.ExpectedConditions$23.apply(ExpectedConditions.java:652)\n\tat org.openqa.selenium.support.ui.FluentWait.until(FluentWait.java:203)\n\tat pages.DashboardPage.getStations(DashboardPage.java:601)\n\tat pages.DashboardPage.goTo(DashboardPage.java:543)\n\tat tests.EventsTest.testDashboardDownloads(EventsTest.java:35)\n\tat java.base/jdk.internal.reflect.NativeMethodAccessorImpl.invoke0(Native Method)\n\tat java.base/jdk.internal.reflect.NativeMethodAccessorImpl.invoke(NativeMethodAccessorImpl.java:77)\n\tat java.base/jdk.internal.reflect.DelegatingMethodAccessorImpl.invoke(DelegatingMethodAccessorImpl.java:43)\n\tat java.base/java.lang.reflect.Method.invoke(Method.java:569)\n\tat org.testng.internal.invokers.MethodInvocationHelper.invokeMethod(MethodInvocationHelper.java:141)\n\tat org.testng.internal.invokers.TestInvoker.invokeMethod(TestInvoker.java:687)\n\tat org.testng.internal.invokers.TestInvoker.invokeTestMethod(TestInvoker.java:230)\n\tat org.testng.internal.invokers.MethodRunner.runInSequence(MethodRunner.java:63)\n\tat org.testng.internal.invokers.TestInvoker$MethodInvocationAgent.invoke(TestInvoker.java:995)\n\tat org.testng.internal.invokers.TestInvoker.invokeTestMethods(TestInvoker.java:203)\n\tat org.testng.internal.invokers.TestMethodWorker.invokeTestMethods(TestMethodWorker.java:154)\n\tat org.testng.internal.invokers.TestMethodWorker.run(TestMethodWorker.java:134)\n\tat java.base/java.util.ArrayList.forEach(ArrayList.java:1511)\n\tat org.testng.TestRunner.privateRun(TestRunner.java:741)\n\tat org.testng.TestRunner.run(TestRunner.java:616)\n\tat org.testng.SuiteRunner.runTest(SuiteRunner.java:421)\n\tat org.testng.SuiteRunner.runSequentially(SuiteRunner.java:413)\n\tat org.testng.SuiteRunner.privateRun(SuiteRunner.java:373)\n\tat org.testng.SuiteRunner.run(SuiteRunner.java:312)\n\tat org.testng.SuiteRunnerWorker.runSuite(SuiteRunnerWorker.java:52)\n\tat org.testng.SuiteRunnerWorker.run(SuiteRunnerWorker.java:95)\n\tat org.testng.TestNG.runSuitesSequentially(TestNG.java:1274)\n\tat org.testng.TestNG.runSuitesLocally(TestNG.java:1208)\n\tat org.testng.TestNG.runSuites(TestNG.java:1112)\n\tat org.testng.TestNG.run(TestNG.java:1079)\n\tat org.apache.maven.surefire.testng.TestNGExecutor.run(TestNGExecutor.java:308)\n\tat org.apache.maven.surefire.testng.TestNGXmlTestSuite.execute(TestNGXmlTestSuite.java:71)\n\tat org.apache.maven.surefire.testng.TestNGProvider.invoke(TestNGProvider.java:113)\n\tat org.apache.maven.surefire.booter.ForkedBooter.runSuitesInProcess(ForkedBooter.java:385)\n\tat org.apache.maven.surefire.booter.ForkedBooter.execute(ForkedBooter.java:162)\n\tat org.apache.maven.surefire.booter.ForkedBooter.run(ForkedBooter.java:507)\n\tat org.apache.maven.surefire.booter.ForkedBooter.main(ForkedBooter.java:495)\n","flaky":false,"newFailed":false,"newBroken":true,"newPassed":false,"retriesCount":0,"retriesStatusChange":false,"beforeStages":[{"name":"beforeMethod","time":{"start":1768584872880,"stop":1768584881982,"duration":9102},"description":"","status":"passed","steps":[],"attachments":[{"uid":"3b1878633e19599a","name":"RemoteUrl","source":"3b1878633e19599a.txt","type":"text/plain","size":28}],"parameters":[],"stepsCount":0,"shouldDisplayMessage":false,"attachmentsCount":1,"hasContent":true,"attachmentStep":false}],"testStage":{"description":"1. Авторизовался в приложении\n2. Выбрал временной интервал от 01-01-2020 23:00 до 07-10-2025 00:00\n3. Перешел к станции БКПРУ-4/СОФ/РВК \"Б\"/Конвейерный транспорт\n4. Модуль Схема\n5. Перешел в модуль События\n6. Данные в таблице заполнены\n7. Перешел к станции БКПРУ-4/СОФ/РВК \"Б\"/Насосное оборудование/4.2-2G28\n8. Модуль События\n9. Данные в таблице заполнены","status":"broken","statusMessage":"stale element reference: stale element not found in the current frame\n  (Session info: chrome=143.0.7499.169)\nFor documentation on this error, please visit: https://www.selenium.dev/documentation/webdriver/troubleshooting/errors#stale-element-reference-exception\nBuild info: version: '4.35.0', revision: '1c58e5028b'\nSystem info: os.name: 'Linux', os.arch: 'amd64', os.version: '6.11.0-1018-azure', java.version: '17.0.17'\nDriver info: org.openqa.selenium.remote.RemoteWebDriver\nCommand: [abb8521c01706f04078dc3bbac974971, isElementDisplayed {id=f.CFCCBFFEEA887E5FF8A2F7400CA883D6.d.A1E1946D17D3025DBDF891ABEB927508.e.138}]\nCapabilities {acceptInsecureCerts: false, browserName: chrome, browserVersion: 143.0.7499.169, chrome: {chromedriverVersion: 143.0.7499.169 (164b20aab62..., userDataDir: /tmp/.org.chromium.Chromium...}, fedcm:accounts: true, goog:chromeOptions: {debuggerAddress: localhost:35359}, goog:loggingPrefs: {browser: ALL}, goog:processID: 9677, networkConnectionEnabled: false, pageLoadStrategy: normal, platformName: linux, proxy: Proxy(), se:bidiEnabled: false, se:cdp: ws://172.18.0.2:4444/sessio..., se:cdpVersion: 143.0.7499.169, se:containerName: 6d43c245d341, se:deleteSessionOnUi: true, se:downloadsEnabled: true, se:noVncPort: 7900, se:vnc: ws://172.18.0.2:4444/sessio..., se:vncEnabled: true, se:vncLocalAddress: ws://172.18.0.2:7900, setWindowRect: true, strictFileInteractability: false, timeouts: {implicit: 0, pageLoad: 300000, script: 30000}, unhandledPromptBehavior: dismiss and notify, webauthn:extension:credBlob: true, webauthn:extension:largeBlob: true, webauthn:extension:minPinLength: true, webauthn:extension:prf: true, webauthn:virtualAuthenticators: true}\nElement: [[RemoteWebDriver: chrome on linux (abb8521c01706f04078dc3bbac974971)] -> xpath: //ul[@role='tree']/li/ul[@role='group']/div/div/li/div/div[@class='MuiTreeItem-iconContainer']]\nSession ID: abb8521c01706f04078dc3bbac974971","statusTrace":"org.openqa.selenium.StaleElementReferenceException: stale element reference: stale element not found in the current frame\n  (Session info: chrome=143.0.7499.169)\nFor documentation on this error, please visit: https://www.selenium.dev/documentation/webdriver/troubleshooting/errors#stale-element-reference-exception\nBuild info: version: '4.35.0', revision: '1c58e5028b'\nSystem info: os.name: 'Linux', os.arch: 'amd64', os.version: '6.11.0-1018-azure', java.version: '17.0.17'\nDriver info: org.openqa.selenium.remote.RemoteWebDriver\nCommand: [abb8521c01706f04078dc3bbac974971, isElementDisplayed {id=f.CFCCBFFEEA887E5FF8A2F7400CA883D6.d.A1E1946D17D3025DBDF891ABEB927508.e.138}]\nCapabilities {acceptInsecureCerts: false, browserName: chrome, browserVersion: 143.0.7499.169, chrome: {chromedriverVersion: 143.0.7499.169 (164b20aab62..., userDataDir: /tmp/.org.chromium.Chromium...}, fedcm:accounts: true, goog:chromeOptions: {debuggerAddress: localhost:35359}, goog:loggingPrefs: {browser: ALL}, goog:processID: 9677, networkConnectionEnabled: false, pageLoadStrategy: normal, platformName: linux, proxy: Proxy(), se:bidiEnabled: false, se:cdp: ws://172.18.0.2:4444/sessio..., se:cdpVersion: 143.0.7499.169, se:containerName: 6d43c245d341, se:deleteSessionOnUi: true, se:downloadsEnabled: true, se:noVncPort: 7900, se:vnc: ws://172.18.0.2:4444/sessio..., se:vncEnabled: true, se:vncLocalAddress: ws://172.18.0.2:7900, setWindowRect: true, strictFileInteractability: false, timeouts: {implicit: 0, pageLoad: 300000, script: 30000}, unhandledPromptBehavior: dismiss and notify, webauthn:extension:credBlob: true, webauthn:extension:largeBlob: true, webauthn:extension:minPinLength: true, webauthn:extension:prf: true, webauthn:virtualAuthenticators: true}\nElement: [[RemoteWebDriver: chrome on linux (abb8521c01706f04078dc3bbac974971)] -> xpath: //ul[@role='tree']/li/ul[@role='group']/div/div/li/div/div[@class='MuiTreeItem-iconContainer']]\nSession ID: abb8521c01706f04078dc3bbac974971\n\tat java.base/jdk.internal.reflect.NativeConstructorAccessorImpl.newInstance0(Native Method)\n\tat java.base/jdk.internal.reflect.NativeConstructorAccessorImpl.newInstance(NativeConstructorAccessorImpl.java:77)\n\tat java.base/jdk.internal.reflect.DelegatingConstructorAccessorImpl.newInstance(DelegatingConstructorAccessorImpl.java:45)\n\tat java.base/java.lang.reflect.Constructor.newInstanceWithCaller(Constructor.java:500)\n\tat java.base/java.lang.reflect.Constructor.newInstance(Constructor.java:481)\n\tat org.openqa.selenium.remote.ErrorCodec.decode(ErrorCodec.java:167)\n\tat org.openqa.selenium.remote.codec.w3c.W3CHttpResponseCodec.decode(W3CHttpResponseCodec.java:138)\n\tat org.openqa.selenium.remote.codec.w3c.W3CHttpResponseCodec.decode(W3CHttpResponseCodec.java:50)\n\tat org.openqa.selenium.remote.HttpCommandExecutor.execute(HttpCommandExecutor.java:215)\n\tat org.openqa.selenium.remote.TracedCommandExecutor.execute(TracedCommandExecutor.java:53)\n\tat org.openqa.selenium.remote.RemoteWebDriver.execute(RemoteWebDriver.java:557)\n\tat org.openqa.selenium.remote.RemoteWebElement.execute(RemoteWebElement.java:223)\n\tat org.openqa.selenium.remote.RemoteWebElement.isDisplayed(RemoteWebElement.java:282)\n\tat org.openqa.selenium.support.ui.ExpectedConditions.elementIfVisible(ExpectedConditions.java:304)\n\tat org.openqa.selenium.support.ui.ExpectedConditions$10.apply(ExpectedConditions.java:290)\n\tat org.openqa.selenium.support.ui.ExpectedConditions$10.apply(ExpectedConditions.java:287)\n\tat org.openqa.selenium.support.ui.ExpectedConditions$23.apply(ExpectedConditions.java:656)\n\tat org.openqa.selenium.support.ui.ExpectedConditions$23.apply(ExpectedConditions.java:652)\n\tat org.openqa.selenium.support.ui.FluentWait.until(FluentWait.java:203)\n\tat pages.DashboardPage.getStations(DashboardPage.java:601)\n\tat pages.DashboardPage.goTo(DashboardPage.java:543)\n\tat tests.EventsTest.testDashboardDownloads(EventsTest.java:35)\n\tat java.base/jdk.internal.reflect.NativeMethodAccessorImpl.invoke0(Native Method)\n\tat java.base/jdk.internal.reflect.NativeMethodAccessorImpl.invoke(NativeMethodAccessorImpl.java:77)\n\tat java.base/jdk.internal.reflect.DelegatingMethodAccessorImpl.invoke(DelegatingMethodAccessorImpl.java:43)\n\tat java.base/java.lang.reflect.Method.invoke(Method.java:569)\n\tat org.testng.internal.invokers.MethodInvocationHelper.invokeMethod(MethodInvocationHelper.java:141)\n\tat org.testng.internal.invokers.TestInvoker.invokeMethod(TestInvoker.java:687)\n\tat org.testng.internal.invokers.TestInvoker.invokeTestMethod(TestInvoker.java:230)\n\tat org.testng.internal.invokers.MethodRunner.runInSequence(MethodRunner.java:63)\n\tat org.testng.internal.invokers.TestInvoker$MethodInvocationAgent.invoke(TestInvoker.java:995)\n\tat org.testng.internal.invokers.TestInvoker.invokeTestMethods(TestInvoker.java:203)\n\tat org.testng.internal.invokers.TestMethodWorker.invokeTestMethods(TestMethodWorker.java:154)\n\tat org.testng.internal.invokers.TestMethodWorker.run(TestMethodWorker.java:134)\n\tat java.base/java.util.ArrayList.forEach(ArrayList.java:1511)\n\tat org.testng.TestRunner.privateRun(TestRunner.java:741)\n\tat org.testng.TestRunner.run(TestRunner.java:616)\n\tat org.testng.SuiteRunner.runTest(SuiteRunner.java:421)\n\tat org.testng.SuiteRunner.runSequentially(SuiteRunner.java:413)\n\tat org.testng.SuiteRunner.privateRun(SuiteRunner.java:373)\n\tat org.testng.SuiteRunner.run(SuiteRunner.java:312)\n\tat org.testng.SuiteRunnerWorker.runSuite(SuiteRunnerWorker.java:52)\n\tat org.testng.SuiteRunnerWorker.run(SuiteRunnerWorker.java:95)\n\tat org.testng.TestNG.runSuitesSequentially(TestNG.java:1274)\n\tat org.testng.TestNG.runSuitesLocally(TestNG.java:1208)\n\tat org.testng.TestNG.runSuites(TestNG.java:1112)\n\tat org.testng.TestNG.run(TestNG.java:1079)\n\tat org.apache.maven.surefire.testng.TestNGExecutor.run(TestNGExecutor.java:308)\n\tat org.apache.maven.surefire.testng.TestNGXmlTestSuite.execute(TestNGXmlTestSuite.java:71)\n\tat org.apache.maven.surefire.testng.TestNGProvider.invoke(TestNGProvider.java:113)\n\tat org.apache.maven.surefire.booter.ForkedBooter.runSuitesInProcess(ForkedBooter.java:385)\n\tat org.apache.maven.surefire.booter.ForkedBooter.execute(ForkedBooter.java:162)\n\tat org.apache.maven.surefire.booter.ForkedBooter.run(ForkedBooter.java:507)\n\tat org.apache.maven.surefire.booter.ForkedBooter.main(ForkedBooter.java:495)\n","steps":[{"name":"Авторизуюсь","time":{"start":1768584881984,"stop":1768584887301,"duration":5317},"status":"passed","steps":[{"name":"Добавляю значение в поле Логин","time":{"start":1768584881985,"stop":1768584882287,"duration":302},"status":"passed","steps":[],"attachments":[],"parameters":[{"name":"login","value":"***"}],"stepsCount":0,"shouldDisplayMessage":false,"attachmentsCount":0,"hasContent":true,"attachmentStep":false},{"name":"Добавляю значение в поле Пароль","time":{"start":1768584882288,"stop":1768584882380,"duration":92},"status":"passed","steps":[],"attachments":[],"parameters":[{"name":"password","value":"***"}],"stepsCount":0,"shouldDisplayMessage":false,"attachmentsCount":0,"hasContent":true,"attachmentStep":false},{"name":"Кликаю кнопку Войти","time":{"start":1768584882380,"stop":1768584887301,"duration":4921},"status":"passed","steps":[],"attachments":[],"parameters":[],"stepsCount":0,"shouldDisplayMessage":false,"attachmentsCount":0,"hasContent":false,"attachmentStep":false}],"attachments":[],"parameters":[],"stepsCount":3,"shouldDisplayMessage":false,"attachmentsCount":0,"hasContent":true,"attachmentStep":false},{"name":"Выбираю временной интервал от 1-1-2020 23:00 до 7-10-2025 0:00","time":{"start":1768584887301,"stop":1768584895667,"duration":8366},"status":"passed","steps":[{"name":"Выбор интервала","time":{"start":1768584895566,"stop":1768584895667,"duration":101},"status":"passed","steps":[],"attachments":[{"uid":"832951ce26108dd8","name":"Выбор интервала -> 8.3","source":"832951ce26108dd8.png","type":"image/png","size":121321}],"parameters":[{"name":"message","value":"Выбор интервала"},{"name":"element","value":"[[RemoteWebDriver: chrome on linux (abb8521c01706f04078dc3bbac974971)] -> xpath: //div[contains(@class, 'MuiBox-root')]/header/../..]"}],"stepsCount":0,"shouldDisplayMessage":false,"attachmentsCount":1,"hasContent":true,"attachmentStep":false}],"attachments":[],"parameters":[{"name":"dayFrom","value":"1"},{"name":"mouthFrom","value":"1"},{"name":"yearFrom","value":"2020"},{"name":"hourFrom","value":"23"},{"name":"dayUp","value":"7"},{"name":"mouthUp","value":"10"},{"name":"yearUp","value":"2025"},{"name":"hourUp","value":"0"}],"stepsCount":1,"shouldDisplayMessage":false,"attachmentsCount":1,"hasContent":true,"attachmentStep":false},{"name":"Прохожусь по оборудованию к станции БКПРУ-4/СОФ/РВК \"Б\"/Конвейерный транспорт","time":{"start":1768584895667,"stop":1768584896792,"duration":1125},"status":"broken","statusMessage":"stale element reference: stale element not found in the current frame\n  (Session info: chrome=143.0.7499.169)\nFor documentation on this error, please visit: https://www.selenium.dev/documentation/webdriver/troubleshooting/errors#stale-element-reference-exception\nBuild info: version: '4.35.0', revision: '1c58e5028b'\nSystem info: os.name: 'Linux', os.arch: 'amd64', os.version: '6.11.0-1018-azure', java.version: '17.0.17'\nDriver info: org.openqa.selenium.remote.RemoteWebDriver\nCommand: [abb8521c01706f04078dc3bbac974971, isElementDisplayed {id=f.CFCCBFFEEA887E5FF8A2F7400CA883D6.d.A1E1946D17D3025DBDF891ABEB927508.e.138}]\nCapabilities {acceptInsecureCerts: false, browserName: chrome, browserVersion: 143.0.7499.169, chrome: {chromedriverVersion: 143.0.7499.169 (164b20aab62..., userDataDir: /tmp/.org.chromium.Chromium...}, fedcm:accounts: true, goog:chromeOptions: {debuggerAddress: localhost:35359}, goog:loggingPrefs: {browser: ALL}, goog:processID: 9677, networkConnectionEnabled: false, pageLoadStrategy: normal, platformName: linux, proxy: Proxy(), se:bidiEnabled: false, se:cdp: ws://172.18.0.2:4444/sessio..., se:cdpVersion: 143.0.7499.169, se:containerName: 6d43c245d341, se:deleteSessionOnUi: true, se:downloadsEnabled: true, se:noVncPort: 7900, se:vnc: ws://172.18.0.2:4444/sessio..., se:vncEnabled: true, se:vncLocalAddress: ws://172.18.0.2:7900, setWindowRect: true, strictFileInteractability: false, timeouts: {implicit: 0, pageLoad: 300000, script: 30000}, unhandledPromptBehavior: dismiss and notify, webauthn:extension:credBlob: true, webauthn:extension:largeBlob: true, webauthn:extension:minPinLength: true, webauthn:extension:prf: true, webauthn:virtualAuthenticators: true}\nElement: [[RemoteWebDriver: chrome on linux (abb8521c01706f04078dc3bbac974971)] -> xpath: //ul[@role='tree']/li/ul[@role='group']/div/div/li/div/div[@class='MuiTreeItem-iconContainer']]\nSession ID: abb8521c01706f04078dc3bbac974971","statusTrace":"org.openqa.selenium.StaleElementReferenceException: stale element reference: stale element not found in the current frame\n  (Session info: chrome=143.0.7499.169)\nFor documentation on this error, please visit: https://www.selenium.dev/documentation/webdriver/troubleshooting/errors#stale-element-reference-exception\nBuild info: version: '4.35.0', revision: '1c58e5028b'\nSystem info: os.name: 'Linux', os.arch: 'amd64', os.version: '6.11.0-1018-azure', java.version: '17.0.17'\nDriver info: org.openqa.selenium.remote.RemoteWebDriver\nCommand: [abb8521c01706f04078dc3bbac974971, isElementDisplayed {id=f.CFCCBFFEEA887E5FF8A2F7400CA883D6.d.A1E1946D17D3025DBDF891ABEB927508.e.138}]\nCapabilities {acceptInsecureCerts: false, browserName: chrome, browserVersion: 143.0.7499.169, chrome: {chromedriverVersion: 143.0.7499.169 (164b20aab62..., userDataDir: /tmp/.org.chromium.Chromium...}, fedcm:accounts: true, goog:chromeOptions: {debuggerAddress: localhost:35359}, goog:loggingPrefs: {browser: ALL}, goog:processID: 9677, networkConnectionEnabled: false, pageLoadStrategy: normal, platformName: linux, proxy: Proxy(), se:bidiEnabled: false, se:cdp: ws://172.18.0.2:4444/sessio..., se:cdpVersion: 143.0.7499.169, se:containerName: 6d43c245d341, se:deleteSessionOnUi: true, se:downloadsEnabled: true, se:noVncPort: 7900, se:vnc: ws://172.18.0.2:4444/sessio..., se:vncEnabled: true, se:vncLocalAddress: ws://172.18.0.2:7900, setWindowRect: true, strictFileInteractability: false, timeouts: {implicit: 0, pageLoad: 300000, script: 30000}, unhandledPromptBehavior: dismiss and notify, webauthn:extension:credBlob: true, webauthn:extension:largeBlob: true, webauthn:extension:minPinLength: true, webauthn:extension:prf: true, webauthn:virtualAuthenticators: true}\nElement: [[RemoteWebDriver: chrome on linux (abb8521c01706f04078dc3bbac974971)] -> xpath: //ul[@role='tree']/li/ul[@role='group']/div/div/li/div/div[@class='MuiTreeItem-iconContainer']]\nSession ID: abb8521c01706f04078dc3bbac974971\n\tat java.base/jdk.internal.reflect.NativeConstructorAccessorImpl.newInstance0(Native Method)\n\tat java.base/jdk.internal.reflect.NativeConstructorAccessorImpl.newInstance(NativeConstructorAccessorImpl.java:77)\n\tat java.base/jdk.internal.reflect.DelegatingConstructorAccessorImpl.newInstance(DelegatingConstructorAccessorImpl.java:45)\n\tat java.base/java.lang.reflect.Constructor.newInstanceWithCaller(Constructor.java:500)\n\tat java.base/java.lang.reflect.Constructor.newInstance(Constructor.java:481)\n\tat org.openqa.selenium.remote.ErrorCodec.decode(ErrorCodec.java:167)\n\tat org.openqa.selenium.remote.codec.w3c.W3CHttpResponseCodec.decode(W3CHttpResponseCodec.java:138)\n\tat org.openqa.selenium.remote.codec.w3c.W3CHttpResponseCodec.decode(W3CHttpResponseCodec.java:50)\n\tat org.openqa.selenium.remote.HttpCommandExecutor.execute(HttpCommandExecutor.java:215)\n\tat org.openqa.selenium.remote.TracedCommandExecutor.execute(TracedCommandExecutor.java:53)\n\tat org.openqa.selenium.remote.RemoteWebDriver.execute(RemoteWebDriver.java:557)\n\tat org.openqa.selenium.remote.RemoteWebElement.execute(RemoteWebElement.java:223)\n\tat org.openqa.selenium.remote.RemoteWebElement.isDisplayed(RemoteWebElement.java:282)\n\tat org.openqa.selenium.support.ui.ExpectedConditions.elementIfVisible(ExpectedConditions.java:304)\n\tat org.openqa.selenium.support.ui.ExpectedConditions$10.apply(ExpectedConditions.java:290)\n\tat org.openqa.selenium.support.ui.ExpectedConditions$10.apply(ExpectedConditions.java:287)\n\tat org.openqa.selenium.support.ui.ExpectedConditions$23.apply(ExpectedConditions.java:656)\n\tat org.openqa.selenium.support.ui.ExpectedConditions$23.apply(ExpectedConditions.java:652)\n\tat org.openqa.selenium.support.ui.FluentWait.until(FluentWait.java:203)\n\tat pages.DashboardPage.getStations(DashboardPage.java:601)\n\tat pages.DashboardPage.goTo(DashboardPage.java:543)\n\tat tests.EventsTest.testDashboardDownloads(EventsTest.java:35)\n\tat java.base/jdk.internal.reflect.NativeMethodAccessorImpl.invoke0(Native Method)\n\tat java.base/jdk.internal.reflect.NativeMethodAccessorImpl.invoke(NativeMethodAccessorImpl.java:77)\n\tat java.base/jdk.internal.reflect.DelegatingMethodAccessorImpl.invoke(DelegatingMethodAccessorImpl.java:43)\n\tat java.base/java.lang.reflect.Method.invoke(Method.java:569)\n\tat org.testng.internal.invokers.MethodInvocationHelper.invokeMethod(MethodInvocationHelper.java:141)\n\tat org.testng.internal.invokers.TestInvoker.invokeMethod(TestInvoker.java:687)\n\tat org.testng.internal.invokers.TestInvoker.invokeTestMethod(TestInvoker.java:230)\n\tat org.testng.internal.invokers.MethodRunner.runInSequence(MethodRunner.java:63)\n\tat org.testng.internal.invokers.TestInvoker$MethodInvocationAgent.invoke(TestInvoker.java:995)\n\tat org.testng.internal.invokers.TestInvoker.invokeTestMethods(TestInvoker.java:203)\n\tat org.testng.internal.invokers.TestMethodWorker.invokeTestMethods(TestMethodWorker.java:154)\n\tat org.testng.internal.invokers.TestMethodWorker.run(TestMethodWorker.java:134)\n\tat java.base/java.util.ArrayList.forEach(ArrayList.java:1511)\n\tat org.testng.TestRunner.privateRun(TestRunner.java:741)\n\tat org.testng.TestRunner.run(TestRunner.java:616)\n\tat org.testng.SuiteRunner.runTest(SuiteRunner.java:421)\n\tat org.testng.SuiteRunner.runSequentially(SuiteRunner.java:413)\n\tat org.testng.SuiteRunner.privateRun(SuiteRunner.java:373)\n\tat org.testng.SuiteRunner.run(SuiteRunner.java:312)\n\tat org.testng.SuiteRunnerWorker.runSuite(SuiteRunnerWorker.java:52)\n\tat org.testng.SuiteRunnerWorker.run(SuiteRunnerWorker.java:95)\n\tat org.testng.TestNG.runSuitesSequentially(TestNG.java:1274)\n\tat org.testng.TestNG.runSuitesLocally(TestNG.java:1208)\n\tat org.testng.TestNG.runSuites(TestNG.java:1112)\n\tat org.testng.TestNG.run(TestNG.java:1079)\n\tat org.apache.maven.surefire.testng.TestNGExecutor.run(TestNGExecutor.java:308)\n\tat org.apache.maven.surefire.testng.TestNGXmlTestSuite.execute(TestNGXmlTestSuite.java:71)\n\tat org.apache.maven.surefire.testng.TestNGProvider.invoke(TestNGProvider.java:113)\n\tat org.apache.maven.surefire.booter.ForkedBooter.runSuitesInProcess(ForkedBooter.java:385)\n\tat org.apache.maven.surefire.booter.ForkedBooter.execute(ForkedBooter.java:162)\n\tat org.apache.maven.surefire.booter.ForkedBooter.run(ForkedBooter.java:507)\n\tat org.apache.maven.surefire.booter.ForkedBooter.main(ForkedBooter.java:495)\n","steps":[{"name":"1 уровень БКПРУ-4","time":{"start":1768584895667,"stop":1768584895667,"duration":0},"status":"passed","steps":[],"attachments":[],"parameters":[],"stepsCount":0,"shouldDisplayMessage":false,"attachmentsCount":0,"hasContent":false,"attachmentStep":false},{"name":"2 уровень СОФ","time":{"start":1768584896487,"stop":1768584896487,"duration":0},"status":"passed","steps":[],"attachments":[],"parameters":[],"stepsCount":0,"shouldDisplayMessage":false,"attachmentsCount":0,"hasContent":false,"attachmentStep":false}],"attachments":[],"parameters":[{"name":"st1","value":"БКПРУ-4"},{"name":"st2","value":"СОФ"},{"name":"st3","value":"РВК \"Б\""},{"name":"st4","value":"Конвейерный транспорт"}],"stepsCount":2,"shouldDisplayMessage":true,"attachmentsCount":0,"hasContent":true,"attachmentStep":false}],"attachments":[],"parameters":[],"stepsCount":9,"shouldDisplayMessage":false,"attachmentsCount":1,"hasContent":true,"attachmentStep":false},"afterStages":[{"name":"afterMethod","time":{"start":1768584896794,"stop":1768584896992,"duration":198},"description":"","status":"passed","steps":[],"attachments":[{"uid":"9e1689ddea2551a3","name":"screenshot.png","source":"9e1689ddea2551a3.png","type":"image/png","size":128252},{"uid":"dcc27a275b59c79f","name":"Page HTML","source":"dcc27a275b59c79f.html","type":"text/html","size":137534},{"uid":"e9fd9d533574d7a9","name":"URL ","source":"e9fd9d533574d7a9.txt","type":"text/plain","size":215}],"parameters":[],"stepsCount":0,"shouldDisplayMessage":false,"attachmentsCount":3,"hasContent":true,"attachmentStep":false}],"labels":[{"name":"package","value":"tests.EventsTest"},{"name":"testClass","value":"tests.EventsTest"},{"name":"testMethod","value":"testDashboardDownloads"},{"name":"parentSuite","value":"Мультибраузерное тестирование"},{"name":"suite","value":"Браузер Edge"},{"name":"subSuite","value":"tests.EventsTest"},{"name":"host","value":"runnervmmtnos"},{"name":"thread","value":"3171@runnervmmtnos.main(1)"},{"name":"framework","value":"testng"},{"name":"language","value":"java"},{"name":"feature","value":"Рабочее окно"},{"name":"tag","value":"smoke"},{"name":"epic","value":"Модуль События"},{"name":"severity","value":"critical"},{"name":"resultFormat","value":"allure2"}],"parameters":[{"name":"browser","value":"edge"}],"links":[{"name":"Тест-кейс 143","url":"https://team-b9fb.testit.software/projects/1/tests/143","type":"custom"},{"name":"Тест-кейс 144","url":"https://team-b9fb.testit.software/projects/1/tests/144","type":"custom"}],"hidden":false,"retry":false,"extra":{"severity":"critical","retries":[],"categories":[{"name":"Test defects","matchedStatuses":[],"flaky":false}],"history":{"statistic":{"failed":0,"broken":3,"skipped":0,"passed":30,"unknown":0,"total":33},"items":[{"uid":"6bda657755a85f6b","reportUrl":"https://MapGary.github.io/SP-WEB-UI/187/#testresult/6bda657755a85f6b","status":"passed","time":{"start":1768579175460,"stop":1768579196299,"duration":20839}},{"uid":"c962406d49e1689f","reportUrl":"https://MapGary.github.io/SP-WEB-UI/186/#testresult/c962406d49e1689f","status":"passed","time":{"start":1768535350020,"stop":1768535368749,"duration":18729}},{"uid":"2dfdc252f618045d","reportUrl":"https://MapGary.github.io/SP-WEB-UI/185/#testresult/2dfdc252f618045d","status":"passed","time":{"start":1768448997024,"stop":1768449019294,"duration":22270}},{"uid":"eb03117421c38da0","reportUrl":"https://MapGary.github.io/SP-WEB-UI/184/#testresult/eb03117421c38da0","status":"passed","time":{"start":1768363591585,"stop":1768363611029,"duration":19444}},{"uid":"2ac2928207df09d6","reportUrl":"https://MapGary.github.io/SP-WEB-UI/183/#testresult/2ac2928207df09d6","status":"passed","time":{"start":1768276129885,"stop":1768276150675,"duration":20790}},{"uid":"c7d89fdc6993fd42","reportUrl":"https://MapGary.github.io/SP-WEB-UI/182/#testresult/c7d89fdc6993fd42","status":"passed","time":{"start":1768190885473,"stop":1768190905044,"duration":19571}},{"uid":"cfc5624bba21d770","reportUrl":"https://MapGary.github.io/SP-WEB-UI/181/#testresult/cfc5624bba21d770","status":"passed","time":{"start":1767930587348,"stop":1767930606475,"duration":19127}},{"uid":"662e85f7f5bc3ee9","reportUrl":"https://MapGary.github.io/SP-WEB-UI/180/#testresult/662e85f7f5bc3ee9","status":"passed","time":{"start":1767851825172,"stop":1767851854162,"duration":28990}},{"uid":"18896fc2ea9d3253","reportUrl":"https://MapGary.github.io/SP-WEB-UI/179/#testresult/18896fc2ea9d3253","status":"broken","statusDetails":"Expected condition failed: waiting for visibility of Proxy element for: DefaultElementLocator 'By.xpath: //table[contains(@class,'MuiTable')]' (tried for 10 second(s) with 500 milliseconds interval)","time":{"start":1767843932001,"stop":1767844002363,"duration":70362}},{"uid":"70c1cff6dc42f270","reportUrl":"https://MapGary.github.io/SP-WEB-UI/178/#testresult/70c1cff6dc42f270","status":"passed","time":{"start":1767816244592,"stop":1767816266454,"duration":21862}},{"uid":"82935abc1a42c9d5","reportUrl":"https://MapGary.github.io/SP-WEB-UI/177/#testresult/82935abc1a42c9d5","status":"passed","time":{"start":1767757689445,"stop":1767757708643,"duration":19198}},{"uid":"5297ab283fd340b8","reportUrl":"https://MapGary.github.io/SP-WEB-UI/176/#testresult/5297ab283fd340b8","status":"passed","time":{"start":1767671297912,"stop":1767671317230,"duration":19318}},{"uid":"ac4689d6cad875a5","reportUrl":"https://MapGary.github.io/SP-WEB-UI/175/#testresult/ac4689d6cad875a5","status":"passed","time":{"start":1767586485370,"stop":1767586504283,"duration":18913}},{"uid":"fefad657660fe132","reportUrl":"https://MapGary.github.io/SP-WEB-UI/174/#testresult/fefad657660fe132","status":"passed","time":{"start":1767325793015,"stop":1767325813252,"duration":20237}},{"uid":"9a62d754ba474869","reportUrl":"https://MapGary.github.io/SP-WEB-UI/173/#testresult/9a62d754ba474869","status":"passed","time":{"start":1767240587624,"stop":1767240608025,"duration":20401}},{"uid":"dc9d4040b43fc5f1","reportUrl":"https://MapGary.github.io/SP-WEB-UI/172/#testresult/dc9d4040b43fc5f1","status":"passed","time":{"start":1767152709126,"stop":1767152726542,"duration":17416}},{"uid":"406fb7c2414561f","reportUrl":"https://MapGary.github.io/SP-WEB-UI/171/#testresult/406fb7c2414561f","status":"passed","time":{"start":1767066350971,"stop":1767066370918,"duration":19947}},{"uid":"428272dc0b9750bb","reportUrl":"https://MapGary.github.io/SP-WEB-UI/170/#testresult/428272dc0b9750bb","status":"passed","time":{"start":1766981249549,"stop":1766981270463,"duration":20914}},{"uid":"4998de4385d0f702","reportUrl":"https://MapGary.github.io/SP-WEB-UI/169/#testresult/4998de4385d0f702","status":"passed","time":{"start":1766720597439,"stop":1766720615755,"duration":18316}},{"uid":"d87d8f1b29782596","reportUrl":"https://MapGary.github.io/SP-WEB-UI/168/#testresult/d87d8f1b29782596","status":"passed","time":{"start":1766634401953,"stop":1766634422074,"duration":20121}}]},"tags":["smoke"]},"source":"c4cdb80bd5353823.json","parameterValues":["edge"]}