{"uid":"8da4e7a012fdcdc8","name":"testSchemeDataMeasurementTrendMeasurementsTable","fullName":"tests.SchemaTest.testSchemeDataMeasurementTrendMeasurementsTable","historyId":"58e580d790c1bae88af43e073fadeee2","time":{"start":1765164433290,"stop":1765164499229,"duration":65939},"description":"Работа вкладки Данные измерений модуля Схема, вид измерения - Тренд. Выбран один параметр Замеры. Вид Таблица","descriptionHtml":"<p>Работа вкладки Данные измерений модуля Схема, вид измерения - Тренд. Выбран один параметр Замеры. Вид Таблица</p>\n","status":"failed","statusMessage":"expected [] but found [t 2]","statusTrace":"java.lang.AssertionError: expected [] but found [t 2]\n\tat org.testng.Assert.fail(Assert.java:111)\n\tat org.testng.Assert.failNotEquals(Assert.java:1590)\n\tat org.testng.Assert.assertEqualsImpl(Assert.java:150)\n\tat org.testng.Assert.assertEquals(Assert.java:132)\n\tat org.testng.Assert.assertEquals(Assert.java:656)\n\tat org.testng.Assert.assertEquals(Assert.java:666)\n\tat tests.SchemaTest.testSchemeDataMeasurementTrendMeasurementsTable(SchemaTest.java:212)\n\tat java.base/jdk.internal.reflect.NativeMethodAccessorImpl.invoke0(Native Method)\n\tat java.base/jdk.internal.reflect.NativeMethodAccessorImpl.invoke(NativeMethodAccessorImpl.java:77)\n\tat java.base/jdk.internal.reflect.DelegatingMethodAccessorImpl.invoke(DelegatingMethodAccessorImpl.java:43)\n\tat java.base/java.lang.reflect.Method.invoke(Method.java:569)\n\tat org.testng.internal.invokers.MethodInvocationHelper.invokeMethod(MethodInvocationHelper.java:141)\n\tat org.testng.internal.invokers.TestInvoker.invokeMethod(TestInvoker.java:687)\n\tat org.testng.internal.invokers.TestInvoker.invokeTestMethod(TestInvoker.java:230)\n\tat org.testng.internal.invokers.MethodRunner.runInSequence(MethodRunner.java:63)\n\tat org.testng.internal.invokers.TestInvoker$MethodInvocationAgent.invoke(TestInvoker.java:995)\n\tat org.testng.internal.invokers.TestInvoker.invokeTestMethods(TestInvoker.java:203)\n\tat org.testng.internal.invokers.TestMethodWorker.invokeTestMethods(TestMethodWorker.java:154)\n\tat org.testng.internal.invokers.TestMethodWorker.run(TestMethodWorker.java:134)\n\tat java.base/java.util.ArrayList.forEach(ArrayList.java:1511)\n\tat org.testng.TestRunner.privateRun(TestRunner.java:741)\n\tat org.testng.TestRunner.run(TestRunner.java:616)\n\tat org.testng.SuiteRunner.runTest(SuiteRunner.java:421)\n\tat org.testng.SuiteRunner.runSequentially(SuiteRunner.java:413)\n\tat org.testng.SuiteRunner.privateRun(SuiteRunner.java:373)\n\tat org.testng.SuiteRunner.run(SuiteRunner.java:312)\n\tat org.testng.SuiteRunnerWorker.runSuite(SuiteRunnerWorker.java:52)\n\tat org.testng.SuiteRunnerWorker.run(SuiteRunnerWorker.java:95)\n\tat org.testng.TestNG.runSuitesSequentially(TestNG.java:1274)\n\tat org.testng.TestNG.runSuitesLocally(TestNG.java:1208)\n\tat org.testng.TestNG.runSuites(TestNG.java:1112)\n\tat org.testng.TestNG.run(TestNG.java:1079)\n\tat org.apache.maven.surefire.testng.TestNGExecutor.run(TestNGExecutor.java:308)\n\tat org.apache.maven.surefire.testng.TestNGXmlTestSuite.execute(TestNGXmlTestSuite.java:71)\n\tat org.apache.maven.surefire.testng.TestNGProvider.invoke(TestNGProvider.java:113)\n\tat org.apache.maven.surefire.booter.ForkedBooter.runSuitesInProcess(ForkedBooter.java:385)\n\tat org.apache.maven.surefire.booter.ForkedBooter.execute(ForkedBooter.java:162)\n\tat org.apache.maven.surefire.booter.ForkedBooter.run(ForkedBooter.java:507)\n\tat org.apache.maven.surefire.booter.ForkedBooter.main(ForkedBooter.java:495)\n","flaky":true,"newFailed":true,"newBroken":false,"newPassed":false,"retriesCount":0,"retriesStatusChange":false,"beforeStages":[{"name":"beforeMethod","time":{"start":1765164425022,"stop":1765164433289,"duration":8267},"description":"","status":"passed","steps":[],"attachments":[{"uid":"24259cd0d59ab477","name":"RemoteUrl","source":"24259cd0d59ab477.txt","type":"text/plain","size":28}],"parameters":[],"stepsCount":0,"shouldDisplayMessage":false,"attachmentsCount":1,"hasContent":true,"attachmentStep":false}],"testStage":{"description":"Работа вкладки Данные измерений модуля Схема, вид измерения - Тренд. Выбран один параметр Замеры. Вид Таблица","status":"failed","statusMessage":"expected [] but found [t 2]","statusTrace":"java.lang.AssertionError: expected [] but found [t 2]\n\tat org.testng.Assert.fail(Assert.java:111)\n\tat org.testng.Assert.failNotEquals(Assert.java:1590)\n\tat org.testng.Assert.assertEqualsImpl(Assert.java:150)\n\tat org.testng.Assert.assertEquals(Assert.java:132)\n\tat org.testng.Assert.assertEquals(Assert.java:656)\n\tat org.testng.Assert.assertEquals(Assert.java:666)\n\tat tests.SchemaTest.testSchemeDataMeasurementTrendMeasurementsTable(SchemaTest.java:212)\n\tat java.base/jdk.internal.reflect.NativeMethodAccessorImpl.invoke0(Native Method)\n\tat java.base/jdk.internal.reflect.NativeMethodAccessorImpl.invoke(NativeMethodAccessorImpl.java:77)\n\tat java.base/jdk.internal.reflect.DelegatingMethodAccessorImpl.invoke(DelegatingMethodAccessorImpl.java:43)\n\tat java.base/java.lang.reflect.Method.invoke(Method.java:569)\n\tat org.testng.internal.invokers.MethodInvocationHelper.invokeMethod(MethodInvocationHelper.java:141)\n\tat org.testng.internal.invokers.TestInvoker.invokeMethod(TestInvoker.java:687)\n\tat org.testng.internal.invokers.TestInvoker.invokeTestMethod(TestInvoker.java:230)\n\tat org.testng.internal.invokers.MethodRunner.runInSequence(MethodRunner.java:63)\n\tat org.testng.internal.invokers.TestInvoker$MethodInvocationAgent.invoke(TestInvoker.java:995)\n\tat org.testng.internal.invokers.TestInvoker.invokeTestMethods(TestInvoker.java:203)\n\tat org.testng.internal.invokers.TestMethodWorker.invokeTestMethods(TestMethodWorker.java:154)\n\tat org.testng.internal.invokers.TestMethodWorker.run(TestMethodWorker.java:134)\n\tat java.base/java.util.ArrayList.forEach(ArrayList.java:1511)\n\tat org.testng.TestRunner.privateRun(TestRunner.java:741)\n\tat org.testng.TestRunner.run(TestRunner.java:616)\n\tat org.testng.SuiteRunner.runTest(SuiteRunner.java:421)\n\tat org.testng.SuiteRunner.runSequentially(SuiteRunner.java:413)\n\tat org.testng.SuiteRunner.privateRun(SuiteRunner.java:373)\n\tat org.testng.SuiteRunner.run(SuiteRunner.java:312)\n\tat org.testng.SuiteRunnerWorker.runSuite(SuiteRunnerWorker.java:52)\n\tat org.testng.SuiteRunnerWorker.run(SuiteRunnerWorker.java:95)\n\tat org.testng.TestNG.runSuitesSequentially(TestNG.java:1274)\n\tat org.testng.TestNG.runSuitesLocally(TestNG.java:1208)\n\tat org.testng.TestNG.runSuites(TestNG.java:1112)\n\tat org.testng.TestNG.run(TestNG.java:1079)\n\tat org.apache.maven.surefire.testng.TestNGExecutor.run(TestNGExecutor.java:308)\n\tat org.apache.maven.surefire.testng.TestNGXmlTestSuite.execute(TestNGXmlTestSuite.java:71)\n\tat org.apache.maven.surefire.testng.TestNGProvider.invoke(TestNGProvider.java:113)\n\tat org.apache.maven.surefire.booter.ForkedBooter.runSuitesInProcess(ForkedBooter.java:385)\n\tat org.apache.maven.surefire.booter.ForkedBooter.execute(ForkedBooter.java:162)\n\tat org.apache.maven.surefire.booter.ForkedBooter.run(ForkedBooter.java:507)\n\tat org.apache.maven.surefire.booter.ForkedBooter.main(ForkedBooter.java:495)\n","steps":[{"name":"Авторизуюсь","time":{"start":1765164433291,"stop":1765164451502,"duration":18211},"status":"passed","steps":[{"name":"Добавляю значение в поле Логин","time":{"start":1765164433291,"stop":1765164433595,"duration":304},"status":"passed","steps":[],"attachments":[],"parameters":[{"name":"login","value":"***"}],"stepsCount":0,"shouldDisplayMessage":false,"attachmentsCount":0,"hasContent":true,"attachmentStep":false},{"name":"Добавляю значение в поле Пароль","time":{"start":1765164433595,"stop":1765164433686,"duration":91},"status":"passed","steps":[],"attachments":[],"parameters":[{"name":"password","value":"***"}],"stepsCount":0,"shouldDisplayMessage":false,"attachmentsCount":0,"hasContent":true,"attachmentStep":false},{"name":"Кликаю кнопку Войти","time":{"start":1765164433686,"stop":1765164451502,"duration":17816},"status":"passed","steps":[],"attachments":[],"parameters":[],"stepsCount":0,"shouldDisplayMessage":false,"attachmentsCount":0,"hasContent":false,"attachmentStep":false}],"attachments":[],"parameters":[],"stepsCount":3,"shouldDisplayMessage":false,"attachmentsCount":0,"hasContent":true,"attachmentStep":false},{"name":"Выбираю временной интервал от 1-1-2020 23:00 до 7-10-2025 0:00","time":{"start":1765164451502,"stop":1765164471186,"duration":19684},"status":"passed","steps":[{"name":"Выбор интервала","time":{"start":1765164471023,"stop":1765164471186,"duration":163},"status":"passed","steps":[],"attachments":[{"uid":"9b295404dcfe2553","name":"Выбор интервала -> 19.5","source":"9b295404dcfe2553.png","type":"image/png","size":121325}],"parameters":[{"name":"message","value":"Выбор интервала"},{"name":"element","value":"[[RemoteWebDriver: chrome on linux (b09347359f7891350f86dd862ddf65bf)] -> xpath: //div[contains(@class, 'MuiBox-root')]/header/../..]"}],"stepsCount":0,"shouldDisplayMessage":false,"attachmentsCount":1,"hasContent":true,"attachmentStep":false}],"attachments":[],"parameters":[{"name":"dayFrom","value":"1"},{"name":"mouthFrom","value":"1"},{"name":"yearFrom","value":"2020"},{"name":"hourFrom","value":"23"},{"name":"dayUp","value":"7"},{"name":"mouthUp","value":"10"},{"name":"yearUp","value":"2025"},{"name":"hourUp","value":"0"}],"stepsCount":1,"shouldDisplayMessage":false,"attachmentsCount":1,"hasContent":true,"attachmentStep":false},{"name":"Прохожусь по оборудованию к агрегату БКПРУ-4/СОФ/РВК \"Б\"/Насосное оборудование/4.2-2G28","time":{"start":1765164471186,"stop":1765164480167,"duration":8981},"status":"passed","steps":[{"name":"1 уровень БКПРУ-4","time":{"start":1765164471186,"stop":1765164471186,"duration":0},"status":"passed","steps":[],"attachments":[],"parameters":[],"stepsCount":0,"shouldDisplayMessage":false,"attachmentsCount":0,"hasContent":false,"attachmentStep":false},{"name":"2 уровень СОФ","time":{"start":1765164472087,"stop":1765164472087,"duration":0},"status":"passed","steps":[],"attachments":[],"parameters":[],"stepsCount":0,"shouldDisplayMessage":false,"attachmentsCount":0,"hasContent":false,"attachmentStep":false},{"name":"3 уровень РВК \"Б\"","time":{"start":1765164472829,"stop":1765164472829,"duration":0},"status":"passed","steps":[],"attachments":[],"parameters":[],"stepsCount":0,"shouldDisplayMessage":false,"attachmentsCount":0,"hasContent":false,"attachmentStep":false},{"name":"4 уровень Насосное оборудование","time":{"start":1765164473664,"stop":1765164473664,"duration":0},"status":"passed","steps":[],"attachments":[],"parameters":[],"stepsCount":0,"shouldDisplayMessage":false,"attachmentsCount":0,"hasContent":false,"attachmentStep":false},{"name":"Агрегат 4.2-2G28","time":{"start":1765164473889,"stop":1765164473889,"duration":0},"status":"passed","steps":[],"attachments":[],"parameters":[],"stepsCount":0,"shouldDisplayMessage":false,"attachmentsCount":0,"hasContent":false,"attachmentStep":false},{"name":"Данные по агрегату","time":{"start":1765164480016,"stop":1765164480167,"duration":151},"status":"passed","steps":[],"attachments":[{"uid":"13b12a7956f748ed","name":"Данные по агрегату -> 8.8","source":"13b12a7956f748ed.png","type":"image/png","size":224086}],"parameters":[{"name":"message","value":"Данные по агрегату"},{"name":"element","value":"[[RemoteWebDriver: chrome on linux (b09347359f7891350f86dd862ddf65bf)] -> xpath: //div[contains(@class, 'MuiBox-root')]/header/../..]"}],"stepsCount":0,"shouldDisplayMessage":false,"attachmentsCount":1,"hasContent":true,"attachmentStep":false}],"attachments":[],"parameters":[{"name":"st1","value":"БКПРУ-4"},{"name":"st2","value":"СОФ"},{"name":"st3","value":"РВК \"Б\""},{"name":"st4","value":"Насосное оборудование"},{"name":"agr","value":"4.2-2G28"}],"stepsCount":6,"shouldDisplayMessage":false,"attachmentsCount":1,"hasContent":true,"attachmentStep":false},{"name":"Кликаю кнопку Таблица в окне Данные измерений","time":{"start":1765164480167,"stop":1765164484015,"duration":3848},"status":"passed","steps":[{"name":"Таблица","time":{"start":1765164483843,"stop":1765164484015,"duration":172},"status":"passed","steps":[],"attachments":[{"uid":"39efcef8ddef2754","name":"Таблица -> 8.8","source":"39efcef8ddef2754.png","type":"image/png","size":12411}],"parameters":[{"name":"message","value":"Таблица"},{"name":"element","value":"[[RemoteWebDriver: chrome on linux (b09347359f7891350f86dd862ddf65bf)] -> xpath: //table[@aria-label='analytics table']]"}],"stepsCount":0,"shouldDisplayMessage":false,"attachmentsCount":1,"hasContent":true,"attachmentStep":false}],"attachments":[],"parameters":[],"stepsCount":1,"shouldDisplayMessage":false,"attachmentsCount":1,"hasContent":true,"attachmentStep":false},{"name":"Выбираю параметр Замеры вид Таблица","time":{"start":1765164484015,"stop":1765164489159,"duration":5144},"status":"passed","steps":[{"name":"Данные по параметру","time":{"start":1765164489000,"stop":1765164489159,"duration":159},"status":"passed","steps":[],"attachments":[{"uid":"d401467f5f89c454","name":"Данные по параметру -> 5.0","source":"d401467f5f89c454.png","type":"image/png","size":195474}],"parameters":[{"name":"message","value":"Данные по параметру"},{"name":"element","value":"[[RemoteWebDriver: chrome on linux (b09347359f7891350f86dd862ddf65bf)] -> xpath: //div[contains(@class, 'MuiBox-root')]/header/../..]"}],"stepsCount":0,"shouldDisplayMessage":false,"attachmentsCount":1,"hasContent":true,"attachmentStep":false}],"attachments":[],"parameters":[],"stepsCount":1,"shouldDisplayMessage":false,"attachmentsCount":1,"hasContent":true,"attachmentStep":false},{"name":"Получаю названия колонок","time":{"start":1765164489160,"stop":1765164499221,"duration":10061},"status":"passed","steps":[],"attachments":[],"parameters":[],"stepsCount":0,"shouldDisplayMessage":false,"attachmentsCount":0,"hasContent":false,"attachmentStep":false},{"name":"Проверяю, что название выбранного параметра соответствует название колонки в таблице","time":{"start":1765164499221,"stop":1765164499221,"duration":0},"status":"passed","steps":[],"attachments":[],"parameters":[],"stepsCount":0,"shouldDisplayMessage":false,"attachmentsCount":0,"hasContent":false,"attachmentStep":false}],"attachments":[],"parameters":[],"stepsCount":19,"shouldDisplayMessage":true,"attachmentsCount":4,"hasContent":true,"attachmentStep":false},"afterStages":[{"name":"afterMethod","time":{"start":1765164499231,"stop":1765164499541,"duration":310},"description":"","status":"passed","steps":[],"attachments":[{"uid":"8de4d77c477124c0","name":"screenshot.png","source":"8de4d77c477124c0.png","type":"image/png","size":195005},{"uid":"74b92ad86b401b8f","name":"Page HTML","source":"74b92ad86b401b8f.html","type":"text/html","size":565907},{"uid":"9b329d388e52d64c","name":"URL ","source":"9b329d388e52d64c.txt","type":"text/plain","size":244}],"parameters":[],"stepsCount":0,"shouldDisplayMessage":false,"attachmentsCount":3,"hasContent":true,"attachmentStep":false}],"labels":[{"name":"package","value":"tests.SchemaTest"},{"name":"testClass","value":"tests.SchemaTest"},{"name":"testMethod","value":"testSchemeDataMeasurementTrendMeasurementsTable"},{"name":"parentSuite","value":"Мультибраузерное тестирование"},{"name":"suite","value":"Браузер Chrome"},{"name":"subSuite","value":"tests.SchemaTest"},{"name":"host","value":"runnervmoqczp"},{"name":"thread","value":"3186@runnervmoqczp.main(1)"},{"name":"framework","value":"testng"},{"name":"language","value":"java"},{"name":"tag","value":"smoke"},{"name":"feature","value":"Данные измерений"},{"name":"epic","value":"Модуль Схема"},{"name":"severity","value":"critical"},{"name":"resultFormat","value":"allure2"}],"parameters":[{"name":"browser","value":"chrome"}],"links":[{"name":"https://team-b9fb.testit.software/projects/1/tests/95","type":"custom"}],"hidden":false,"retry":false,"extra":{"severity":"critical","retries":[],"categories":[{"name":"Product defects","matchedStatuses":[],"flaky":false}],"history":{"statistic":{"failed":4,"broken":5,"skipped":0,"passed":7,"unknown":0,"total":16},"items":[{"uid":"cbcd0d417baff617","reportUrl":"https://MapGary.github.io/SP-WEB-UI/150/#testresult/cbcd0d417baff617","status":"passed","time":{"start":1764905056794,"stop":1764905120892,"duration":64098}},{"uid":"5f52b0925652866b","reportUrl":"https://MapGary.github.io/SP-WEB-UI/149/#testresult/5f52b0925652866b","status":"broken","statusDetails":"Expected condition failed: waiting for url to contain \"tab=1\". Current url: \"https://web.staging.diatechnic.ru/dashboard?view=0&measureType=0&object=0\" (tried for 10 second(s) with 500 milliseconds interval)\nBuild info: version: '4.35.0', revision: '1c58e5028b'\nSystem info: os.name: 'Linux', os.arch: 'amd64', os.version: '6.11.0-1018-azure', java.version: '17.0.17'\nDriver info: org.openqa.selenium.remote.RemoteWebDriver\nCapabilities {acceptInsecureCerts: false, browserName: chrome, browserVersion: 142.0.7444.59, chrome: {chromedriverVersion: 142.0.7444.59 (4b8153ab58d3..., userDataDir: /tmp/.org.chromium.Chromium...}, fedcm:accounts: true, goog:chromeOptions: {debuggerAddress: localhost:33871}, goog:loggingPrefs: {browser: ALL}, goog:processID: 2804, networkConnectionEnabled: false, pageLoadStrategy: normal, platformName: linux, proxy: Proxy(), se:bidiEnabled: false, se:cdp: ws://172.18.0.2:4444/sessio..., se:cdpVersion: 142.0.7444.59, se:containerName: 81f09b01f630, se:deleteSessionOnUi: true, se:downloadsEnabled: true, se:noVncPort: 7900, se:vnc: ws://172.18.0.2:4444/sessio..., se:vncEnabled: true, se:vncLocalAddress: ws://172.18.0.2:7900, setWindowRect: true, strictFileInteractability: false, timeouts: {implicit: 0, pageLoad: 300000, script: 30000}, unhandledPromptBehavior: dismiss and notify, webauthn:extension:credBlob: true, webauthn:extension:largeBlob: true, webauthn:extension:minPinLength: true, webauthn:extension:prf: true, webauthn:virtualAuthenticators: true}\nSession ID: d6d268e52522e7c23756f40c70a612e8","time":{"start":1764818700523,"stop":1764818711144,"duration":10621}},{"uid":"e123bf44ed6060d9","reportUrl":"https://MapGary.github.io/SP-WEB-UI/148/#testresult/e123bf44ed6060d9","status":"passed","time":{"start":1764732198897,"stop":1764732264245,"duration":65348}},{"uid":"f541cfe9eb5b896c","reportUrl":"https://MapGary.github.io/SP-WEB-UI/147/#testresult/f541cfe9eb5b896c","status":"passed","time":{"start":1764645852601,"stop":1764645919314,"duration":66713}},{"uid":"bb52177899d964d1","reportUrl":"https://MapGary.github.io/SP-WEB-UI/146/#testresult/bb52177899d964d1","status":"failed","statusDetails":"expected [] but found [t 2]","time":{"start":1764561341886,"stop":1764561406378,"duration":64492}},{"uid":"cf6766a9cecf852","reportUrl":"https://MapGary.github.io/SP-WEB-UI/145/#testresult/cf6766a9cecf852","status":"broken","statusDetails":"Expected condition failed: waiting for url to contain \"tab=1\". Current url: \"https://web.staging.diatechnic.ru/dashboard?view=0&measureType=0&object=0\" (tried for 10 second(s) with 500 milliseconds interval)\nBuild info: version: '4.35.0', revision: '1c58e5028b'\nSystem info: os.name: 'Linux', os.arch: 'amd64', os.version: '6.11.0-1018-azure', java.version: '17.0.17'\nDriver info: org.openqa.selenium.remote.RemoteWebDriver\nCapabilities {acceptInsecureCerts: false, browserName: chrome, browserVersion: 142.0.7444.59, chrome: {chromedriverVersion: 142.0.7444.59 (4b8153ab58d3..., userDataDir: /tmp/.org.chromium.Chromium...}, fedcm:accounts: true, goog:chromeOptions: {debuggerAddress: localhost:36705}, goog:loggingPrefs: {browser: ALL}, goog:processID: 2843, networkConnectionEnabled: false, pageLoadStrategy: normal, platformName: linux, proxy: Proxy(), se:bidiEnabled: false, se:cdp: ws://172.18.0.2:4444/sessio..., se:cdpVersion: 142.0.7444.59, se:containerName: c4f8432ef131, se:deleteSessionOnUi: true, se:downloadsEnabled: true, se:noVncPort: 7900, se:vnc: ws://172.18.0.2:4444/sessio..., se:vncEnabled: true, se:vncLocalAddress: ws://172.18.0.2:7900, setWindowRect: true, strictFileInteractability: false, timeouts: {implicit: 0, pageLoad: 300000, script: 30000}, unhandledPromptBehavior: dismiss and notify, webauthn:extension:credBlob: true, webauthn:extension:largeBlob: true, webauthn:extension:minPinLength: true, webauthn:extension:prf: true, webauthn:virtualAuthenticators: true}\nSession ID: fbe920d1d04a57cf2aeb7a4c9c9a0502","time":{"start":1764337824747,"stop":1764337835423,"duration":10676}},{"uid":"8887b49d5368e48f","reportUrl":"https://MapGary.github.io/SP-WEB-UI/144/#testresult/8887b49d5368e48f","status":"broken","statusDetails":"stale element reference: stale element not found in the current frame\n  (Session info: chrome=142.0.7444.59)\nFor documentation on this error, please visit: https://www.selenium.dev/documentation/webdriver/troubleshooting/errors#stale-element-reference-exception\nBuild info: version: '4.35.0', revision: '1c58e5028b'\nSystem info: os.name: 'Linux', os.arch: 'amd64', os.version: '6.11.0-1018-azure', java.version: '17.0.17'\nDriver info: org.openqa.selenium.remote.RemoteWebDriver\nCommand: [66dfb284e6a10b4e22c4bd727062475b, getElementText {id=f.023F9B949679E8B66A736F7BA1969DD1.d.58047C2940B96BF2B2962A2546C20709.e.547}]\nCapabilities {acceptInsecureCerts: false, browserName: chrome, browserVersion: 142.0.7444.59, chrome: {chromedriverVersion: 142.0.7444.59 (4b8153ab58d3..., userDataDir: /tmp/.org.chromium.Chromium...}, fedcm:accounts: true, goog:chromeOptions: {debuggerAddress: localhost:38383}, goog:loggingPrefs: {browser: ALL}, goog:processID: 3212, networkConnectionEnabled: false, pageLoadStrategy: normal, platformName: linux, proxy: Proxy(), se:bidiEnabled: false, se:cdp: ws://172.18.0.2:4444/sessio..., se:cdpVersion: 142.0.7444.59, se:containerName: 1fb55f8c8199, se:deleteSessionOnUi: true, se:downloadsEnabled: true, se:noVncPort: 7900, se:vnc: ws://172.18.0.2:4444/sessio..., se:vncEnabled: true, se:vncLocalAddress: ws://172.18.0.2:7900, setWindowRect: true, strictFileInteractability: false, timeouts: {implicit: 0, pageLoad: 300000, script: 30000}, unhandledPromptBehavior: dismiss and notify, webauthn:extension:credBlob: true, webauthn:extension:largeBlob: true, webauthn:extension:minPinLength: true, webauthn:extension:prf: true, webauthn:virtualAuthenticators: true}\nElement: [[RemoteWebDriver: chrome on linux (66dfb284e6a10b4e22c4bd727062475b)] -> xpath: //li[contains(@class,'MuiMenuItem-gutters')]]\nSession ID: 66dfb284e6a10b4e22c4bd727062475b","time":{"start":1764326348638,"stop":1764326401495,"duration":52857}},{"uid":"f7e771b936b71b4f","reportUrl":"https://MapGary.github.io/SP-WEB-UI/143/#testresult/f7e771b936b71b4f","status":"passed","time":{"start":1764299808917,"stop":1764299873633,"duration":64716}},{"uid":"4963fd78247350a4","reportUrl":"https://MapGary.github.io/SP-WEB-UI/142/#testresult/4963fd78247350a4","status":"failed","statusDetails":"expected [] but found [t 2]","time":{"start":1764213458647,"stop":1764213524226,"duration":65579}},{"uid":"c8b570a5f1e1048d","reportUrl":"https://MapGary.github.io/SP-WEB-UI/140/#testresult/c8b570a5f1e1048d","status":"broken","statusDetails":"no such element: Unable to locate element: {\"method\":\"css selector\",\"selector\":\"*[name='login']\"}\n  (Session info: chrome=142.0.7444.59)\nFor documentation on this error, please visit: https://www.selenium.dev/documentation/webdriver/troubleshooting/errors#no-such-element-exception\nBuild info: version: '4.35.0', revision: '1c58e5028b'\nSystem info: os.name: 'Linux', os.arch: 'amd64', os.version: '6.11.0-1018-azure', java.version: '17.0.17'\nDriver info: org.openqa.selenium.remote.RemoteWebDriver\nCommand: [f2a7c77b876029811796dfe632490da2, findElement {using=name, value=login}]\nCapabilities {acceptInsecureCerts: false, browserName: chrome, browserVersion: 142.0.7444.59, chrome: {chromedriverVersion: 142.0.7444.59 (4b8153ab58d3..., userDataDir: /tmp/.org.chromium.Chromium...}, fedcm:accounts: true, goog:chromeOptions: {debuggerAddress: localhost:43403}, goog:loggingPrefs: {browser: ALL}, goog:processID: 2333, networkConnectionEnabled: false, pageLoadStrategy: normal, platformName: linux, proxy: Proxy(), se:bidiEnabled: false, se:cdp: ws://172.18.0.2:4444/sessio..., se:cdpVersion: 142.0.7444.59, se:containerName: 3978f6c93f80, se:deleteSessionOnUi: true, se:downloadsEnabled: true, se:noVncPort: 7900, se:vnc: ws://172.18.0.2:4444/sessio..., se:vncEnabled: true, se:vncLocalAddress: ws://172.18.0.2:7900, setWindowRect: true, strictFileInteractability: false, timeouts: {implicit: 0, pageLoad: 300000, script: 30000}, unhandledPromptBehavior: dismiss and notify, webauthn:extension:credBlob: true, webauthn:extension:largeBlob: true, webauthn:extension:minPinLength: true, webauthn:extension:prf: true, webauthn:virtualAuthenticators: true}\nSession ID: f2a7c77b876029811796dfe632490da2","time":{"start":1764126882095,"stop":1764126892131,"duration":10036}},{"uid":"1cd9769e8d47cbd","reportUrl":"https://MapGary.github.io/SP-WEB-UI/135/#testresult/1cd9769e8d47cbd","status":"broken","statusDetails":"stale element reference: stale element not found in the current frame\n  (Session info: chrome=142.0.7444.59)\nFor documentation on this error, please visit: https://www.selenium.dev/documentation/webdriver/troubleshooting/errors#stale-element-reference-exception\nBuild info: version: '4.35.0', revision: '1c58e5028b'\nSystem info: os.name: 'Linux', os.arch: 'amd64', os.version: '6.11.0-1018-azure', java.version: '17.0.17'\nDriver info: org.openqa.selenium.remote.RemoteWebDriver\nCommand: [5e002cae7cc886f7f8235a9cb836eaac, clickElement {id=f.609D6AE48A023F4B6F2BA932AA490299.d.F030783E7432DB61579849497BE5B262.e.536}]\nCapabilities {acceptInsecureCerts: false, browserName: chrome, browserVersion: 142.0.7444.59, chrome: {chromedriverVersion: 142.0.7444.59 (4b8153ab58d3..., userDataDir: /tmp/.org.chromium.Chromium...}, fedcm:accounts: true, goog:chromeOptions: {debuggerAddress: localhost:36377}, goog:loggingPrefs: {browser: ALL}, goog:processID: 2829, networkConnectionEnabled: false, pageLoadStrategy: normal, platformName: linux, proxy: Proxy(), se:bidiEnabled: false, se:cdp: ws://172.18.0.2:4444/sessio..., se:cdpVersion: 142.0.7444.59, se:containerName: 8fc14d4fd4d5, se:deleteSessionOnUi: true, se:downloadsEnabled: true, se:noVncPort: 7900, se:vnc: ws://172.18.0.2:4444/sessio..., se:vncEnabled: true, se:vncLocalAddress: ws://172.18.0.2:7900, setWindowRect: true, strictFileInteractability: false, timeouts: {implicit: 0, pageLoad: 300000, script: 30000}, unhandledPromptBehavior: dismiss and notify, webauthn:extension:credBlob: true, webauthn:extension:largeBlob: true, webauthn:extension:minPinLength: true, webauthn:extension:prf: true, webauthn:virtualAuthenticators: true}\nElement: [[RemoteWebDriver: chrome on linux (5e002cae7cc886f7f8235a9cb836eaac)] -> xpath: //li[contains(@class,'MuiMenuItem-gutters')]]\nSession ID: 5e002cae7cc886f7f8235a9cb836eaac","time":{"start":1764040791641,"stop":1764040845818,"duration":54177}},{"uid":"c1cc28d4b805428b","reportUrl":"https://MapGary.github.io/SP-WEB-UI/133/#testresult/c1cc28d4b805428b","status":"passed","time":{"start":1763954983365,"stop":1763955047693,"duration":64328}},{"uid":"390f49b883904ed9","reportUrl":"https://MapGary.github.io/SP-WEB-UI/132/#testresult/390f49b883904ed9","status":"failed","statusDetails":"expected [] but found [t 2]","time":{"start":1763694989665,"stop":1763695058288,"duration":68623}},{"uid":"a32d2fc707283253","reportUrl":"https://MapGary.github.io/SP-WEB-UI/131/#testresult/a32d2fc707283253","status":"passed","time":{"start":1763608562832,"stop":1763608627915,"duration":65083}},{"uid":"536ac8f98ca884e9","reportUrl":"https://MapGary.github.io/SP-WEB-UI/125/#testresult/536ac8f98ca884e9","status":"passed","time":{"start":1763322482529,"stop":1763322534398,"duration":51869}}]},"tags":["smoke"]},"source":"8da4e7a012fdcdc8.json","parameterValues":["chrome"]}