{"uid":"d9c3f133af559409","name":"testTableDataWindowCoversEntireWorkAreaTabMachineArrangements","fullName":"tests.SchemaTest.testTableDataWindowCoversEntireWorkAreaTabMachineArrangements","historyId":"dbd0a2ee36cc820f6c96829f5f8a82d6","time":{"start":1763613697310,"stop":1763613742116,"duration":44806},"description":"Тип объекта 'Агрегат' модуль 'Схема' окно 'Табличные данные' вкладка 'Мероприятия ТОиР'","descriptionHtml":"<p>Тип объекта 'Агрегат' модуль 'Схема' окно 'Табличные данные' вкладка 'Мероприятия ТОиР'</p>\n","status":"broken","statusMessage":"Index 3 out of bounds for length 3","statusTrace":"java.lang.IndexOutOfBoundsException: Index 3 out of bounds for length 3\n\tat java.base/jdk.internal.util.Preconditions.outOfBounds(Preconditions.java:64)\n\tat java.base/jdk.internal.util.Preconditions.outOfBoundsCheckIndex(Preconditions.java:70)\n\tat java.base/jdk.internal.util.Preconditions.checkIndex(Preconditions.java:266)\n\tat java.base/java.util.Objects.checkIndex(Objects.java:361)\n\tat java.base/java.util.ArrayList.get(ArrayList.java:427)\n\tat java.base/jdk.internal.reflect.GeneratedMethodAccessor45.invoke(Unknown Source)\n\tat java.base/jdk.internal.reflect.DelegatingMethodAccessorImpl.invoke(DelegatingMethodAccessorImpl.java:43)\n\tat java.base/java.lang.reflect.Method.invoke(Method.java:569)\n\tat org.openqa.selenium.support.pagefactory.internal.LocatingElementListHandler.invoke(LocatingElementListHandler.java:39)\n\tat jdk.proxy2/jdk.proxy2.$Proxy42.get(Unknown Source)\n\tat pages.DashboardPage.collapseWindows(DashboardPage.java:416)\n\tat tests.SchemaTest.testTableDataWindowCoversEntireWorkAreaTabMachineArrangements(SchemaTest.java:448)\n\tat java.base/jdk.internal.reflect.NativeMethodAccessorImpl.invoke0(Native Method)\n\tat java.base/jdk.internal.reflect.NativeMethodAccessorImpl.invoke(NativeMethodAccessorImpl.java:77)\n\tat java.base/jdk.internal.reflect.DelegatingMethodAccessorImpl.invoke(DelegatingMethodAccessorImpl.java:43)\n\tat java.base/java.lang.reflect.Method.invoke(Method.java:569)\n\tat org.testng.internal.invokers.MethodInvocationHelper.invokeMethod(MethodInvocationHelper.java:141)\n\tat org.testng.internal.invokers.TestInvoker.invokeMethod(TestInvoker.java:687)\n\tat org.testng.internal.invokers.TestInvoker.invokeTestMethod(TestInvoker.java:230)\n\tat org.testng.internal.invokers.MethodRunner.runInSequence(MethodRunner.java:63)\n\tat org.testng.internal.invokers.TestInvoker$MethodInvocationAgent.invoke(TestInvoker.java:995)\n\tat org.testng.internal.invokers.TestInvoker.invokeTestMethods(TestInvoker.java:203)\n\tat org.testng.internal.invokers.TestMethodWorker.invokeTestMethods(TestMethodWorker.java:154)\n\tat org.testng.internal.invokers.TestMethodWorker.run(TestMethodWorker.java:134)\n\tat java.base/java.util.ArrayList.forEach(ArrayList.java:1511)\n\tat org.testng.TestRunner.privateRun(TestRunner.java:741)\n\tat org.testng.TestRunner.run(TestRunner.java:616)\n\tat org.testng.SuiteRunner.runTest(SuiteRunner.java:421)\n\tat org.testng.SuiteRunner.runSequentially(SuiteRunner.java:413)\n\tat org.testng.SuiteRunner.privateRun(SuiteRunner.java:373)\n\tat org.testng.SuiteRunner.run(SuiteRunner.java:312)\n\tat org.testng.SuiteRunnerWorker.runSuite(SuiteRunnerWorker.java:52)\n\tat org.testng.SuiteRunnerWorker.run(SuiteRunnerWorker.java:95)\n\tat org.testng.TestNG.runSuitesSequentially(TestNG.java:1274)\n\tat org.testng.TestNG.runSuitesLocally(TestNG.java:1208)\n\tat org.testng.TestNG.runSuites(TestNG.java:1112)\n\tat org.testng.TestNG.run(TestNG.java:1079)\n\tat org.apache.maven.surefire.testng.TestNGExecutor.run(TestNGExecutor.java:308)\n\tat org.apache.maven.surefire.testng.TestNGXmlTestSuite.execute(TestNGXmlTestSuite.java:71)\n\tat org.apache.maven.surefire.testng.TestNGProvider.invoke(TestNGProvider.java:113)\n\tat org.apache.maven.surefire.booter.ForkedBooter.runSuitesInProcess(ForkedBooter.java:385)\n\tat org.apache.maven.surefire.booter.ForkedBooter.execute(ForkedBooter.java:162)\n\tat org.apache.maven.surefire.booter.ForkedBooter.run(ForkedBooter.java:507)\n\tat org.apache.maven.surefire.booter.ForkedBooter.main(ForkedBooter.java:495)\n","flaky":false,"newFailed":false,"newBroken":true,"newPassed":false,"retriesCount":0,"retriesStatusChange":false,"beforeStages":[{"name":"beforeMethod","time":{"start":1763613689759,"stop":1763613697308,"duration":7549},"description":"","status":"passed","steps":[],"attachments":[{"uid":"8a287386b13c44e6","name":"RemoteUrl","source":"8a287386b13c44e6.txt","type":"text/plain","size":28}],"parameters":[],"stepsCount":0,"shouldDisplayMessage":false,"attachmentsCount":1,"hasContent":true,"attachmentStep":false}],"testStage":{"description":"Тип объекта 'Агрегат' модуль 'Схема' окно 'Табличные данные' вкладка 'Мероприятия ТОиР'","status":"broken","statusMessage":"Index 3 out of bounds for length 3","statusTrace":"java.lang.IndexOutOfBoundsException: Index 3 out of bounds for length 3\n\tat java.base/jdk.internal.util.Preconditions.outOfBounds(Preconditions.java:64)\n\tat java.base/jdk.internal.util.Preconditions.outOfBoundsCheckIndex(Preconditions.java:70)\n\tat java.base/jdk.internal.util.Preconditions.checkIndex(Preconditions.java:266)\n\tat java.base/java.util.Objects.checkIndex(Objects.java:361)\n\tat java.base/java.util.ArrayList.get(ArrayList.java:427)\n\tat java.base/jdk.internal.reflect.GeneratedMethodAccessor45.invoke(Unknown Source)\n\tat java.base/jdk.internal.reflect.DelegatingMethodAccessorImpl.invoke(DelegatingMethodAccessorImpl.java:43)\n\tat java.base/java.lang.reflect.Method.invoke(Method.java:569)\n\tat org.openqa.selenium.support.pagefactory.internal.LocatingElementListHandler.invoke(LocatingElementListHandler.java:39)\n\tat jdk.proxy2/jdk.proxy2.$Proxy42.get(Unknown Source)\n\tat pages.DashboardPage.collapseWindows(DashboardPage.java:416)\n\tat tests.SchemaTest.testTableDataWindowCoversEntireWorkAreaTabMachineArrangements(SchemaTest.java:448)\n\tat java.base/jdk.internal.reflect.NativeMethodAccessorImpl.invoke0(Native Method)\n\tat java.base/jdk.internal.reflect.NativeMethodAccessorImpl.invoke(NativeMethodAccessorImpl.java:77)\n\tat java.base/jdk.internal.reflect.DelegatingMethodAccessorImpl.invoke(DelegatingMethodAccessorImpl.java:43)\n\tat java.base/java.lang.reflect.Method.invoke(Method.java:569)\n\tat org.testng.internal.invokers.MethodInvocationHelper.invokeMethod(MethodInvocationHelper.java:141)\n\tat org.testng.internal.invokers.TestInvoker.invokeMethod(TestInvoker.java:687)\n\tat org.testng.internal.invokers.TestInvoker.invokeTestMethod(TestInvoker.java:230)\n\tat org.testng.internal.invokers.MethodRunner.runInSequence(MethodRunner.java:63)\n\tat org.testng.internal.invokers.TestInvoker$MethodInvocationAgent.invoke(TestInvoker.java:995)\n\tat org.testng.internal.invokers.TestInvoker.invokeTestMethods(TestInvoker.java:203)\n\tat org.testng.internal.invokers.TestMethodWorker.invokeTestMethods(TestMethodWorker.java:154)\n\tat org.testng.internal.invokers.TestMethodWorker.run(TestMethodWorker.java:134)\n\tat java.base/java.util.ArrayList.forEach(ArrayList.java:1511)\n\tat org.testng.TestRunner.privateRun(TestRunner.java:741)\n\tat org.testng.TestRunner.run(TestRunner.java:616)\n\tat org.testng.SuiteRunner.runTest(SuiteRunner.java:421)\n\tat org.testng.SuiteRunner.runSequentially(SuiteRunner.java:413)\n\tat org.testng.SuiteRunner.privateRun(SuiteRunner.java:373)\n\tat org.testng.SuiteRunner.run(SuiteRunner.java:312)\n\tat org.testng.SuiteRunnerWorker.runSuite(SuiteRunnerWorker.java:52)\n\tat org.testng.SuiteRunnerWorker.run(SuiteRunnerWorker.java:95)\n\tat org.testng.TestNG.runSuitesSequentially(TestNG.java:1274)\n\tat org.testng.TestNG.runSuitesLocally(TestNG.java:1208)\n\tat org.testng.TestNG.runSuites(TestNG.java:1112)\n\tat org.testng.TestNG.run(TestNG.java:1079)\n\tat org.apache.maven.surefire.testng.TestNGExecutor.run(TestNGExecutor.java:308)\n\tat org.apache.maven.surefire.testng.TestNGXmlTestSuite.execute(TestNGXmlTestSuite.java:71)\n\tat org.apache.maven.surefire.testng.TestNGProvider.invoke(TestNGProvider.java:113)\n\tat org.apache.maven.surefire.booter.ForkedBooter.runSuitesInProcess(ForkedBooter.java:385)\n\tat org.apache.maven.surefire.booter.ForkedBooter.execute(ForkedBooter.java:162)\n\tat org.apache.maven.surefire.booter.ForkedBooter.run(ForkedBooter.java:507)\n\tat org.apache.maven.surefire.booter.ForkedBooter.main(ForkedBooter.java:495)\n","steps":[{"name":"Авторизуюсь","time":{"start":1763613697310,"stop":1763613716301,"duration":18991},"status":"passed","steps":[{"name":"Добавляю значение в поле Логин","time":{"start":1763613697310,"stop":1763613697625,"duration":315},"status":"passed","steps":[],"attachments":[],"parameters":[{"name":"login","value":"***"}],"stepsCount":0,"shouldDisplayMessage":false,"attachmentsCount":0,"hasContent":true,"attachmentStep":false},{"name":"Добавляю значение в поле Пароль","time":{"start":1763613697626,"stop":1763613697715,"duration":89},"status":"passed","steps":[],"attachments":[],"parameters":[{"name":"password","value":"***"}],"stepsCount":0,"shouldDisplayMessage":false,"attachmentsCount":0,"hasContent":true,"attachmentStep":false},{"name":"Кликаю кнопку Войти","time":{"start":1763613697715,"stop":1763613716301,"duration":18586},"status":"passed","steps":[],"attachments":[],"parameters":[],"stepsCount":0,"shouldDisplayMessage":false,"attachmentsCount":0,"hasContent":false,"attachmentStep":false}],"attachments":[],"parameters":[],"stepsCount":3,"shouldDisplayMessage":false,"attachmentsCount":0,"hasContent":true,"attachmentStep":false},{"name":"Выбираю временной интервал от 1-1-2020 23:00 до 7-10-2025 0:00","time":{"start":1763613716301,"stop":1763613735023,"duration":18722},"status":"passed","steps":[{"name":"Выбор интервала","time":{"start":1763613734929,"stop":1763613735023,"duration":94},"status":"passed","steps":[],"attachments":[{"uid":"8b66e3bd913697f7","name":"Выбор интервала -> 18.6","source":"8b66e3bd913697f7.png","type":"image/png","size":121321}],"parameters":[{"name":"message","value":"Выбор интервала"},{"name":"element","value":"[[RemoteWebDriver: chrome on linux (21bb7113a775e319341dca2487ab7bd9)] -> xpath: //div[contains(@class, 'MuiBox-root')]/header/../..]"}],"stepsCount":0,"shouldDisplayMessage":false,"attachmentsCount":1,"hasContent":true,"attachmentStep":false}],"attachments":[],"parameters":[{"name":"dayFrom","value":"1"},{"name":"mouthFrom","value":"1"},{"name":"yearFrom","value":"2020"},{"name":"hourFrom","value":"23"},{"name":"dayUp","value":"7"},{"name":"mouthUp","value":"10"},{"name":"yearUp","value":"2025"},{"name":"hourUp","value":"0"}],"stepsCount":1,"shouldDisplayMessage":false,"attachmentsCount":1,"hasContent":true,"attachmentStep":false},{"name":"Прохожусь по оборудованию к агрегату БКПРУ-4/СОФ/РВК \"Б\"/Насосное оборудование/4.1-2G02","time":{"start":1763613735023,"stop":1763613741645,"duration":6622},"status":"passed","steps":[{"name":"1 уровень БКПРУ-4","time":{"start":1763613735023,"stop":1763613735023,"duration":0},"status":"passed","steps":[],"attachments":[],"parameters":[],"stepsCount":0,"shouldDisplayMessage":false,"attachmentsCount":0,"hasContent":false,"attachmentStep":false},{"name":"2 уровень СОФ","time":{"start":1763613735922,"stop":1763613735922,"duration":0},"status":"passed","steps":[],"attachments":[],"parameters":[],"stepsCount":0,"shouldDisplayMessage":false,"attachmentsCount":0,"hasContent":false,"attachmentStep":false},{"name":"3 уровень РВК \"Б\"","time":{"start":1763613736681,"stop":1763613736681,"duration":0},"status":"passed","steps":[],"attachments":[],"parameters":[],"stepsCount":0,"shouldDisplayMessage":false,"attachmentsCount":0,"hasContent":false,"attachmentStep":false},{"name":"4 уровень Насосное оборудование","time":{"start":1763613737476,"stop":1763613737476,"duration":0},"status":"passed","steps":[],"attachments":[],"parameters":[],"stepsCount":0,"shouldDisplayMessage":false,"attachmentsCount":0,"hasContent":false,"attachmentStep":false},{"name":"Агрегат 4.1-2G02","time":{"start":1763613737663,"stop":1763613737663,"duration":0},"status":"passed","steps":[],"attachments":[],"parameters":[],"stepsCount":0,"shouldDisplayMessage":false,"attachmentsCount":0,"hasContent":false,"attachmentStep":false},{"name":"Данные по агрегату","time":{"start":1763613741283,"stop":1763613741645,"duration":362},"status":"passed","steps":[],"attachments":[{"uid":"91b6144a42c7a83","name":"Данные по агрегату -> 6.3","source":"91b6144a42c7a83.png","type":"image/png","size":194924}],"parameters":[{"name":"message","value":"Данные по агрегату"},{"name":"element","value":"[[RemoteWebDriver: chrome on linux (21bb7113a775e319341dca2487ab7bd9)] -> xpath: //div[contains(@class, 'MuiBox-root')]/header/../..]"}],"stepsCount":0,"shouldDisplayMessage":false,"attachmentsCount":1,"hasContent":true,"attachmentStep":false}],"attachments":[],"parameters":[{"name":"st1","value":"БКПРУ-4"},{"name":"st2","value":"СОФ"},{"name":"st3","value":"РВК \"Б\""},{"name":"st4","value":"Насосное оборудование"},{"name":"agr","value":"4.1-2G02"}],"stepsCount":6,"shouldDisplayMessage":false,"attachmentsCount":1,"hasContent":true,"attachmentStep":false},{"name":"Сворачиваю окна на Рабочей области","time":{"start":1763613741645,"stop":1763613742116,"duration":471},"status":"broken","statusMessage":"Index 3 out of bounds for length 3","statusTrace":"java.lang.IndexOutOfBoundsException: Index 3 out of bounds for length 3\n\tat java.base/jdk.internal.util.Preconditions.outOfBounds(Preconditions.java:64)\n\tat java.base/jdk.internal.util.Preconditions.outOfBoundsCheckIndex(Preconditions.java:70)\n\tat java.base/jdk.internal.util.Preconditions.checkIndex(Preconditions.java:266)\n\tat java.base/java.util.Objects.checkIndex(Objects.java:361)\n\tat java.base/java.util.ArrayList.get(ArrayList.java:427)\n\tat java.base/jdk.internal.reflect.GeneratedMethodAccessor45.invoke(Unknown Source)\n\tat java.base/jdk.internal.reflect.DelegatingMethodAccessorImpl.invoke(DelegatingMethodAccessorImpl.java:43)\n\tat java.base/java.lang.reflect.Method.invoke(Method.java:569)\n\tat org.openqa.selenium.support.pagefactory.internal.LocatingElementListHandler.invoke(LocatingElementListHandler.java:39)\n\tat jdk.proxy2/jdk.proxy2.$Proxy42.get(Unknown Source)\n\tat pages.DashboardPage.collapseWindows(DashboardPage.java:416)\n\tat tests.SchemaTest.testTableDataWindowCoversEntireWorkAreaTabMachineArrangements(SchemaTest.java:448)\n\tat java.base/jdk.internal.reflect.NativeMethodAccessorImpl.invoke0(Native Method)\n\tat java.base/jdk.internal.reflect.NativeMethodAccessorImpl.invoke(NativeMethodAccessorImpl.java:77)\n\tat java.base/jdk.internal.reflect.DelegatingMethodAccessorImpl.invoke(DelegatingMethodAccessorImpl.java:43)\n\tat java.base/java.lang.reflect.Method.invoke(Method.java:569)\n\tat org.testng.internal.invokers.MethodInvocationHelper.invokeMethod(MethodInvocationHelper.java:141)\n\tat org.testng.internal.invokers.TestInvoker.invokeMethod(TestInvoker.java:687)\n\tat org.testng.internal.invokers.TestInvoker.invokeTestMethod(TestInvoker.java:230)\n\tat org.testng.internal.invokers.MethodRunner.runInSequence(MethodRunner.java:63)\n\tat org.testng.internal.invokers.TestInvoker$MethodInvocationAgent.invoke(TestInvoker.java:995)\n\tat org.testng.internal.invokers.TestInvoker.invokeTestMethods(TestInvoker.java:203)\n\tat org.testng.internal.invokers.TestMethodWorker.invokeTestMethods(TestMethodWorker.java:154)\n\tat org.testng.internal.invokers.TestMethodWorker.run(TestMethodWorker.java:134)\n\tat java.base/java.util.ArrayList.forEach(ArrayList.java:1511)\n\tat org.testng.TestRunner.privateRun(TestRunner.java:741)\n\tat org.testng.TestRunner.run(TestRunner.java:616)\n\tat org.testng.SuiteRunner.runTest(SuiteRunner.java:421)\n\tat org.testng.SuiteRunner.runSequentially(SuiteRunner.java:413)\n\tat org.testng.SuiteRunner.privateRun(SuiteRunner.java:373)\n\tat org.testng.SuiteRunner.run(SuiteRunner.java:312)\n\tat org.testng.SuiteRunnerWorker.runSuite(SuiteRunnerWorker.java:52)\n\tat org.testng.SuiteRunnerWorker.run(SuiteRunnerWorker.java:95)\n\tat org.testng.TestNG.runSuitesSequentially(TestNG.java:1274)\n\tat org.testng.TestNG.runSuitesLocally(TestNG.java:1208)\n\tat org.testng.TestNG.runSuites(TestNG.java:1112)\n\tat org.testng.TestNG.run(TestNG.java:1079)\n\tat org.apache.maven.surefire.testng.TestNGExecutor.run(TestNGExecutor.java:308)\n\tat org.apache.maven.surefire.testng.TestNGXmlTestSuite.execute(TestNGXmlTestSuite.java:71)\n\tat org.apache.maven.surefire.testng.TestNGProvider.invoke(TestNGProvider.java:113)\n\tat org.apache.maven.surefire.booter.ForkedBooter.runSuitesInProcess(ForkedBooter.java:385)\n\tat org.apache.maven.surefire.booter.ForkedBooter.execute(ForkedBooter.java:162)\n\tat org.apache.maven.surefire.booter.ForkedBooter.run(ForkedBooter.java:507)\n\tat org.apache.maven.surefire.booter.ForkedBooter.main(ForkedBooter.java:495)\n","steps":[],"attachments":[],"parameters":[{"name":"first","value":"1"},{"name":"second","value":"2"},{"name":"third","value":"4"}],"stepsCount":0,"shouldDisplayMessage":true,"attachmentsCount":0,"hasContent":true,"attachmentStep":false}],"attachments":[],"parameters":[],"stepsCount":14,"shouldDisplayMessage":false,"attachmentsCount":2,"hasContent":true,"attachmentStep":false},"afterStages":[{"name":"afterMethod","time":{"start":1763613742117,"stop":1763613742515,"duration":398},"description":"","status":"passed","steps":[],"attachments":[{"uid":"efbd7341de2634d7","name":"screenshot.png","source":"efbd7341de2634d7.png","type":"image/png","size":195507},{"uid":"4a596b5f773987ef","name":"Page HTML","source":"4a596b5f773987ef.html","type":"text/html","size":276200},{"uid":"951056ee464c5604","name":"URL ","source":"951056ee464c5604.txt","type":"text/plain","size":252}],"parameters":[],"stepsCount":0,"shouldDisplayMessage":false,"attachmentsCount":3,"hasContent":true,"attachmentStep":false}],"labels":[{"name":"package","value":"tests.SchemaTest"},{"name":"testClass","value":"tests.SchemaTest"},{"name":"testMethod","value":"testTableDataWindowCoversEntireWorkAreaTabMachineArrangements"},{"name":"parentSuite","value":"Мультибраузерное тестирование"},{"name":"suite","value":"Браузер Yandex"},{"name":"subSuite","value":"tests.SchemaTest"},{"name":"host","value":"runnervmg1sw1"},{"name":"thread","value":"3145@runnervmg1sw1.main(1)"},{"name":"framework","value":"testng"},{"name":"language","value":"java"},{"name":"feature","value":"Окно Табличные данные"},{"name":"tag","value":"smoke"},{"name":"epic","value":"Модуль Схема"},{"name":"severity","value":"blocker"},{"name":"resultFormat","value":"allure2"}],"parameters":[{"name":"browser","value":"yandex"}],"links":[{"name":"https://team-b9fb.testit.software/projects/1/tests/80","type":"custom"}],"hidden":false,"retry":false,"extra":{"severity":"blocker","retries":[],"categories":[{"name":"Test defects","matchedStatuses":[],"flaky":false}],"history":{"statistic":{"failed":0,"broken":6,"skipped":0,"passed":10,"unknown":0,"total":16},"items":[{"uid":"c9b39829f106214","reportUrl":"https://MapGary.github.io/SP-WEB-UI/128/#testresult/c9b39829f106214","status":"passed","time":{"start":1763524728613,"stop":1763524773506,"duration":44893}},{"uid":"953ec50fcc472504","reportUrl":"https://MapGary.github.io/SP-WEB-UI/127/#testresult/953ec50fcc472504","status":"passed","time":{"start":1763438455228,"stop":1763438500643,"duration":45415}},{"uid":"83a300024d8cf25","reportUrl":"https://MapGary.github.io/SP-WEB-UI/126/#testresult/83a300024d8cf25","status":"passed","time":{"start":1763352107283,"stop":1763352149534,"duration":42251}},{"uid":"80d55bb779892ac6","reportUrl":"https://MapGary.github.io/SP-WEB-UI/125/#testresult/80d55bb779892ac6","status":"passed","time":{"start":1763326705109,"stop":1763326752102,"duration":46993}},{"uid":"9c548b29ebf92d8d","reportUrl":"https://MapGary.github.io/SP-WEB-UI/124/#testresult/9c548b29ebf92d8d","status":"passed","time":{"start":1763147399469,"stop":1763147443555,"duration":44086}},{"uid":"653be3383a374617","reportUrl":"https://MapGary.github.io/SP-WEB-UI/123/#testresult/653be3383a374617","status":"passed","time":{"start":1763092845469,"stop":1763092889629,"duration":44160}},{"uid":"35a0c79a40741da5","reportUrl":"https://MapGary.github.io/SP-WEB-UI/122/#testresult/35a0c79a40741da5","status":"passed","time":{"start":1763006670909,"stop":1763006716113,"duration":45204}},{"uid":"b92d840538462239","reportUrl":"https://MapGary.github.io/SP-WEB-UI/117/#testresult/b92d840538462239","status":"passed","time":{"start":1762948071524,"stop":1762948118825,"duration":47301}},{"uid":"e3113d396e5cd393","reportUrl":"https://MapGary.github.io/SP-WEB-UI/115/#testresult/e3113d396e5cd393","status":"passed","time":{"start":1762893211881,"stop":1762893258463,"duration":46582}},{"uid":"59bffbdb8753ac3a","reportUrl":"https://MapGary.github.io/SP-WEB-UI/113/#testresult/59bffbdb8753ac3a","status":"passed","time":{"start":1762810291579,"stop":1762810336964,"duration":45385}},{"uid":"73d6723a20abbad4","reportUrl":"https://MapGary.github.io/SP-WEB-UI/111/#testresult/73d6723a20abbad4","status":"broken","statusDetails":"element click intercepted: Element <p class=\"MuiTypography-root MuiTypography-body1 css-113q6mh\">...</p> is not clickable at point (979, 283). Other element would receive the click: <div class=\"MuiBox-root css-8oufzr\">...</div>\n  (Session info: chrome=142.0.7444.59)\nBuild info: version: '4.35.0', revision: '1c58e5028b'\nSystem info: os.name: 'Linux', os.arch: 'amd64', os.version: '6.11.0-1018-azure', java.version: '17.0.17'\nDriver info: org.openqa.selenium.remote.RemoteWebDriver\nCommand: [138f23dc0bb002eaaf3b23f952f1405b, clickElement {id=f.EB0F00E1A7604E6D014466E972A6DECB.d.4567DFE0423C92E92E622B5B4D8528B7.e.351}]\nCapabilities {acceptInsecureCerts: false, browserName: chrome, browserVersion: 142.0.7444.59, chrome: {chromedriverVersion: 142.0.7444.59 (4b8153ab58d3..., userDataDir: /tmp/.org.chromium.Chromium...}, fedcm:accounts: true, goog:chromeOptions: {debuggerAddress: localhost:46079}, goog:loggingPrefs: {browser: ALL}, goog:processID: 15444, networkConnectionEnabled: false, pageLoadStrategy: normal, platformName: linux, proxy: Proxy(), se:bidiEnabled: false, se:cdp: ws://172.18.0.2:4444/sessio..., se:cdpVersion: 142.0.7444.59, se:containerName: 5525668daf20, se:deleteSessionOnUi: true, se:downloadsEnabled: true, se:noVncPort: 7900, se:vnc: ws://172.18.0.2:4444/sessio..., se:vncEnabled: true, se:vncLocalAddress: ws://172.18.0.2:7900, setWindowRect: true, strictFileInteractability: false, timeouts: {implicit: 0, pageLoad: 300000, script: 30000}, unhandledPromptBehavior: dismiss and notify, webauthn:extension:credBlob: true, webauthn:extension:largeBlob: true, webauthn:extension:minPinLength: true, webauthn:extension:prf: true, webauthn:virtualAuthenticators: true}\nElement: [[RemoteWebDriver: chrome on linux (138f23dc0bb002eaaf3b23f952f1405b)] -> xpath: //div[contains(@class,'MuiAccordionSummary-content')]/p]\nSession ID: 138f23dc0bb002eaaf3b23f952f1405b","time":{"start":1762725438253,"stop":1762725481449,"duration":43196}},{"uid":"6917a334df7fbd5","reportUrl":"https://MapGary.github.io/SP-WEB-UI/110/#testresult/6917a334df7fbd5","status":"broken","statusDetails":"element click intercepted: Element <p class=\"MuiTypography-root MuiTypography-body1 css-113q6mh\">...</p> is not clickable at point (979, 283). Other element would receive the click: <div class=\"MuiBox-root css-8oufzr\">...</div>\n  (Session info: chrome=142.0.7444.59)\nBuild info: version: '4.35.0', revision: '1c58e5028b'\nSystem info: os.name: 'Linux', os.arch: 'amd64', os.version: '6.11.0-1018-azure', java.version: '17.0.17'\nDriver info: org.openqa.selenium.remote.RemoteWebDriver\nCommand: [6332eb70b32412288824385ad87c45ea, clickElement {id=f.1A1D059E2C6E963105F690710A158127.d.34B8B08A10F38EE1AE8AF9BC450EB04F.e.350}]\nCapabilities {acceptInsecureCerts: false, browserName: chrome, browserVersion: 142.0.7444.59, chrome: {chromedriverVersion: 142.0.7444.59 (4b8153ab58d3..., userDataDir: /tmp/.org.chromium.Chromium...}, fedcm:accounts: true, goog:chromeOptions: {debuggerAddress: localhost:41957}, goog:loggingPrefs: {browser: ALL}, goog:processID: 15447, networkConnectionEnabled: false, pageLoadStrategy: normal, platformName: linux, proxy: Proxy(), se:bidiEnabled: false, se:cdp: ws://172.18.0.2:4444/sessio..., se:cdpVersion: 142.0.7444.59, se:containerName: de775960da39, se:deleteSessionOnUi: true, se:downloadsEnabled: true, se:noVncPort: 7900, se:vnc: ws://172.18.0.2:4444/sessio..., se:vncEnabled: true, se:vncLocalAddress: ws://172.18.0.2:7900, setWindowRect: true, strictFileInteractability: false, timeouts: {implicit: 0, pageLoad: 300000, script: 30000}, unhandledPromptBehavior: dismiss and notify, webauthn:extension:credBlob: true, webauthn:extension:largeBlob: true, webauthn:extension:minPinLength: true, webauthn:extension:prf: true, webauthn:virtualAuthenticators: true}\nElement: [[RemoteWebDriver: chrome on linux (6332eb70b32412288824385ad87c45ea)] -> xpath: //div[contains(@class,'MuiAccordionSummary-content')]/p]\nSession ID: 6332eb70b32412288824385ad87c45ea","time":{"start":1762708461687,"stop":1762708506620,"duration":44933}},{"uid":"c029e99400d81c25","reportUrl":"https://MapGary.github.io/SP-WEB-UI/109/#testresult/c029e99400d81c25","status":"broken","statusDetails":"element click intercepted: Element <p class=\"MuiTypography-root MuiTypography-body1 css-113q6mh\">...</p> is not clickable at point (979, 249). Other element would receive the click: <div class=\"MuiBox-root css-zrbqn0\" aria-label=\"...\">График</div>\n  (Session info: chrome=142.0.7444.59)\nBuild info: version: '4.35.0', revision: '1c58e5028b'\nSystem info: os.name: 'Linux', os.arch: 'amd64', os.version: '6.11.0-1018-azure', java.version: '17.0.17'\nDriver info: org.openqa.selenium.remote.RemoteWebDriver\nCommand: [064ea3f6a191629bbd5ef9cd9dd56384, clickElement {id=f.583C1D2773790B18AFB38E8094EC1964.d.8011F449207801AEECD329C97754A2FB.e.346}]\nCapabilities {acceptInsecureCerts: false, browserName: chrome, browserVersion: 142.0.7444.59, chrome: {chromedriverVersion: 142.0.7444.59 (4b8153ab58d3..., userDataDir: /tmp/.org.chromium.Chromium...}, fedcm:accounts: true, goog:chromeOptions: {debuggerAddress: localhost:36555}, goog:loggingPrefs: {browser: ALL}, goog:processID: 15444, networkConnectionEnabled: false, pageLoadStrategy: normal, platformName: linux, proxy: Proxy(), se:bidiEnabled: false, se:cdp: ws://172.18.0.2:4444/sessio..., se:cdpVersion: 142.0.7444.59, se:containerName: cf06d08d059e, se:deleteSessionOnUi: true, se:downloadsEnabled: true, se:noVncPort: 7900, se:vnc: ws://172.18.0.2:4444/sessio..., se:vncEnabled: true, se:vncLocalAddress: ws://172.18.0.2:7900, setWindowRect: true, strictFileInteractability: false, timeouts: {implicit: 0, pageLoad: 300000, script: 30000}, unhandledPromptBehavior: dismiss and notify, webauthn:extension:credBlob: true, webauthn:extension:largeBlob: true, webauthn:extension:minPinLength: true, webauthn:extension:prf: true, webauthn:virtualAuthenticators: true}\nElement: [[RemoteWebDriver: chrome on linux (064ea3f6a191629bbd5ef9cd9dd56384)] -> xpath: //div[contains(@class,'MuiAccordionSummary-content')]/p]\nSession ID: 064ea3f6a191629bbd5ef9cd9dd56384","time":{"start":1762704707776,"stop":1762704753595,"duration":45819}},{"uid":"6eebbc26f6c5192f","reportUrl":"https://MapGary.github.io/SP-WEB-UI/108/#testresult/6eebbc26f6c5192f","status":"broken","statusDetails":"element click intercepted: Element <p class=\"MuiTypography-root MuiTypography-body1 css-113q6mh\">...</p> is not clickable at point (979, 283). Other element would receive the click: <div class=\"MuiBox-root css-8oufzr\">...</div>\n  (Session info: chrome=142.0.7444.59)\nBuild info: version: '4.35.0', revision: '1c58e5028b'\nSystem info: os.name: 'Linux', os.arch: 'amd64', os.version: '6.11.0-1018-azure', java.version: '17.0.17'\nDriver info: org.openqa.selenium.remote.RemoteWebDriver\nCommand: [be1f42271181cac7ec69f17aba8fd72d, clickElement {id=f.710895126172C569AC3D84144D07C4B8.d.F5B222EE5A1767935F7E85A57D5FED28.e.352}]\nCapabilities {acceptInsecureCerts: false, browserName: chrome, browserVersion: 142.0.7444.59, chrome: {chromedriverVersion: 142.0.7444.59 (4b8153ab58d3..., userDataDir: /tmp/.org.chromium.Chromium...}, fedcm:accounts: true, goog:chromeOptions: {debuggerAddress: localhost:46487}, goog:loggingPrefs: {browser: ALL}, goog:processID: 15301, networkConnectionEnabled: false, pageLoadStrategy: normal, platformName: linux, proxy: Proxy(), se:bidiEnabled: false, se:cdp: ws://172.18.0.2:4444/sessio..., se:cdpVersion: 142.0.7444.59, se:containerName: 5f7b1812275f, se:deleteSessionOnUi: true, se:downloadsEnabled: true, se:noVncPort: 7900, se:vnc: ws://172.18.0.2:4444/sessio..., se:vncEnabled: true, se:vncLocalAddress: ws://172.18.0.2:7900, setWindowRect: true, strictFileInteractability: false, timeouts: {implicit: 0, pageLoad: 300000, script: 30000}, unhandledPromptBehavior: dismiss and notify, webauthn:extension:credBlob: true, webauthn:extension:largeBlob: true, webauthn:extension:minPinLength: true, webauthn:extension:prf: true, webauthn:virtualAuthenticators: true}\nElement: [[RemoteWebDriver: chrome on linux (be1f42271181cac7ec69f17aba8fd72d)] -> xpath: //div[contains(@class,'MuiAccordionSummary-content')]/p]\nSession ID: be1f42271181cac7ec69f17aba8fd72d","time":{"start":1762694451170,"stop":1762694494060,"duration":42890}},{"uid":"eb614934ac69ce4","reportUrl":"https://MapGary.github.io/SP-WEB-UI/107/#testresult/eb614934ac69ce4","status":"broken","statusDetails":"stale element reference: stale element not found in the current frame\n  (Session info: chrome=142.0.7444.59)\nFor documentation on this error, please visit: https://www.selenium.dev/documentation/webdriver/troubleshooting/errors#stale-element-reference-exception\nBuild info: version: '4.35.0', revision: '1c58e5028b'\nSystem info: os.name: 'Linux', os.arch: 'amd64', os.version: '6.11.0-1018-azure', java.version: '17.0.17'\nDriver info: org.openqa.selenium.remote.RemoteWebDriver\nCommand: [ddd8c495a2e52f10479eddc95ef1164c, executeScript {script=arguments[0].scrollIntoView(true);, args=[{element-6066-11e4-a52e-4f735466cecf=f.D82CF74B082120FFCD6369A095228005.d.6D670C9677F77DFC9BE7E6F6B82173A5.e.164}]}]\nCapabilities {acceptInsecureCerts: false, browserName: chrome, browserVersion: 142.0.7444.59, chrome: {chromedriverVersion: 142.0.7444.59 (4b8153ab58d3..., userDataDir: /tmp/.org.chromium.Chromium...}, fedcm:accounts: true, goog:chromeOptions: {debuggerAddress: localhost:43443}, goog:loggingPrefs: {browser: ALL}, goog:processID: 15174, networkConnectionEnabled: false, pageLoadStrategy: normal, platformName: linux, proxy: Proxy(), se:bidiEnabled: false, se:cdp: ws://172.18.0.2:4444/sessio..., se:cdpVersion: 142.0.7444.59, se:containerName: cf3db0836392, se:deleteSessionOnUi: true, se:downloadsEnabled: true, se:noVncPort: 7900, se:vnc: ws://172.18.0.2:4444/sessio..., se:vncEnabled: true, se:vncLocalAddress: ws://172.18.0.2:7900, setWindowRect: true, strictFileInteractability: false, timeouts: {implicit: 0, pageLoad: 300000, script: 30000}, unhandledPromptBehavior: dismiss and notify, webauthn:extension:credBlob: true, webauthn:extension:largeBlob: true, webauthn:extension:minPinLength: true, webauthn:extension:prf: true, webauthn:virtualAuthenticators: true}\nSession ID: ddd8c495a2e52f10479eddc95ef1164c","time":{"start":1762690690023,"stop":1762690727458,"duration":37435}}]},"tags":["smoke"]},"source":"d9c3f133af559409.json","parameterValues":["yandex"]}